%!PS-Adobe-2.0
%%Creator: gnuplot
%%DocumentFonts: Helvetica
%%BoundingBox: 50 50 554 635
%%Pages: (atend)
%%EndComments
/gnudict 40 dict def
gnudict begin
/Color false def
/Solid false def
/gnulinewidth 5.000 def
/vshift -46 def
/dl {10 mul} def
/hpt 12.5 def
/vpt 12.5 def
/M {moveto} bind def
/L {lineto} bind def
/R {rmoveto} bind def
/V {rlineto} bind def
/vpt2 vpt 2 mul def
/hpt2 hpt 2 mul def
/Lshow { currentpoint stroke M
  0 vshift R show } def
/Rshow { currentpoint stroke M
  dup stringwidth pop neg vshift R show } def
/Cshow { currentpoint stroke M
  dup stringwidth pop -2 div vshift R show } def
/DL { Color {setrgbcolor Solid {pop []} if 0 setdash }
 {pop pop pop Solid {pop []} if 0 setdash} ifelse } def
/BL { stroke gnulinewidth 2 mul setlinewidth } def
/AL { stroke gnulinewidth 2 div setlinewidth } def
/PL { stroke gnulinewidth setlinewidth } def
/LTb { BL [] 0 0 0 DL } def
/LTa { AL [1 dl 2 dl] 0 setdash 0 0 0 setrgbcolor } def
/LT0 { PL [] 0 1 0 DL } def
/LT1 { PL [4 dl 2 dl] 0 0 1 DL } def
/LT2 { PL [2 dl 3 dl] 1 0 0 DL } def
/LT3 { PL [1 dl 1.5 dl] 1 0 1 DL } def
/LT4 { PL [5 dl 2 dl 1 dl 2 dl] 0 1 1 DL } def
/LT5 { PL [4 dl 3 dl 1 dl 3 dl] 1 1 0 DL } def
/LT6 { PL [2 dl 2 dl 2 dl 4 dl] 0 0 0 DL } def
/LT7 { PL [2 dl 2 dl 2 dl 2 dl 2 dl 4 dl] 1 0.3 0 DL } def
/LT8 { PL [2 dl 2 dl 2 dl 2 dl 2 dl 2 dl 2 dl 4 dl] 0.5 0.5 0.5 DL } def
/P { stroke [] 0 setdash
  currentlinewidth 2 div sub M
  0 currentlinewidth V stroke } def
/D { stroke [] 0 setdash 2 copy vpt add M
  hpt neg vpt neg V hpt vpt neg V
  hpt vpt V hpt neg vpt V closepath stroke
  P } def
/A { stroke [] 0 setdash vpt sub M 0 vpt2 V
  currentpoint stroke M
  hpt neg vpt neg R hpt2 0 V stroke
  } def
/B { stroke [] 0 setdash 2 copy exch hpt sub exch vpt add M
  0 vpt2 neg V hpt2 0 V 0 vpt2 V
  hpt2 neg 0 V closepath stroke
  P } def
/C { stroke [] 0 setdash exch hpt sub exch vpt add M
  hpt2 vpt2 neg V currentpoint stroke M
  hpt2 neg 0 R hpt2 vpt2 V stroke } def
/T { stroke [] 0 setdash 2 copy vpt 1.12 mul add M
  hpt neg vpt -1.62 mul V
  hpt 2 mul 0 V
  hpt neg vpt 1.62 mul V closepath stroke
  P  } def
/S { 2 copy A C} def
end
%%EndProlog
%%Page: 1 1
gnudict begin
gsave
50 50 translate
0.100 0.100 scale
90 rotate
0 -5040 translate
0 setgray
/Helvetica findfont 140 scalefont setfont
newpath
LTa
LTb
840 351 M
63 0 V
4716 0 R
-63 0 V
756 351 M
(-1) Rshow
840 813 M
63 0 V
4716 0 R
-63 0 V
756 813 M
(-0.8) Rshow
840 1275 M
63 0 V
4716 0 R
-63 0 V
-4800 0 R
(-0.6) Rshow
840 1736 M
63 0 V
4716 0 R
-63 0 V
-4800 0 R
(-0.4) Rshow
840 2198 M
63 0 V
4716 0 R
-63 0 V
-4800 0 R
(-0.2) Rshow
840 2660 M
63 0 V
4716 0 R
-63 0 V
-4800 0 R
(0) Rshow
840 3122 M
63 0 V
4716 0 R
-63 0 V
-4800 0 R
(0.2) Rshow
840 3584 M
63 0 V
4716 0 R
-63 0 V
-4800 0 R
(0.4) Rshow
840 4045 M
63 0 V
4716 0 R
-63 0 V
-4800 0 R
(0.6) Rshow
840 4507 M
63 0 V
4716 0 R
-63 0 V
-4800 0 R
(0.8) Rshow
840 4969 M
63 0 V
4716 0 R
-63 0 V
-4800 0 R
(1) Rshow
840 351 M
0 63 V
0 4555 R
0 -63 V
840 211 M
(-1) Cshow
1318 351 M
0 63 V
0 4555 R
0 -63 V
0 -4695 R
(-0.8) Cshow
1796 351 M
0 63 V
0 4555 R
0 -63 V
0 -4695 R
(-0.6) Cshow
2274 351 M
0 63 V
0 4555 R
0 -63 V
0 -4695 R
(-0.4) Cshow
2752 351 M
0 63 V
0 4555 R
0 -63 V
0 -4695 R
(-0.2) Cshow
3230 351 M
0 63 V
0 4555 R
0 -63 V
0 -4695 R
(0) Cshow
3707 351 M
0 63 V
0 4555 R
0 -63 V
0 -4695 R
(0.2) Cshow
4185 351 M
0 63 V
0 4555 R
0 -63 V
0 -4695 R
(0.4) Cshow
4663 351 M
0 63 V
0 4555 R
0 -63 V
0 -4695 R
(0.6) Cshow
5141 351 M
0 63 V
0 4555 R
0 -63 V
0 -4695 R
(0.8) Cshow
5619 351 M
0 63 V
0 4555 R
0 -63 V
0 -4695 R
(1) Cshow
840 351 M
4779 0 V
0 4618 V
-4779 0 V
840 351 L
140 2660 M
currentpoint gsave translate 90 rotate 0 0 M
(Y  SCALE) Cshow
grestore
3229 71 M
(X  SCALE) Cshow
LT0
LT1
5619 2660 M
-5 146 V
-14 146 V
-24 145 V
-34 143 V
-42 140 V
-52 138 V
-61 134 V
-69 131 V
-78 125 V
-86 121 V
-94 115 V
-101 109 V
-108 103 V
-115 96 V
-120 89 V
-127 81 V
-131 73 V
-136 65 V
-140 57 V
-143 48 V
-146 39 V
-149 30 V
-150 21 V
-151 11 V
-151 3 V
-152 -7 V
-151 -17 V
-149 -25 V
-147 -34 V
-145 -44 V
-142 -52 V
-138 -61 V
-133 -69 V
-129 -78 V
-124 -85 V
-117 -92 V
-112 -99 V
1449 4200 L
-98 -113 V
-90 -118 V
-82 -123 V
-73 -128 V
-66 -132 V
984 3450 L
937 3311 L
899 3169 L
870 3025 L
851 2879 L
841 2733 L
0 -146 V
10 -146 V
19 -146 V
29 -144 V
38 -142 V
47 -139 V
56 -136 V
66 -132 V
73 -128 V
82 -123 V
90 -118 V
98 -113 V
104 -106 V
112 -99 V
117 -92 V
124 -85 V
129 -78 V
133 -69 V
138 -61 V
142 -52 V
145 -44 V
147 -34 V
149 -25 V
151 -17 V
152 -7 V
151 3 V
151 11 V
150 21 V
149 30 V
146 39 V
143 48 V
140 57 V
136 65 V
131 73 V
127 81 V
120 89 V
115 96 V
108 103 V
101 109 V
94 115 V
86 121 V
78 125 V
69 131 V
61 134 V
52 138 V
42 140 V
34 143 V
24 145 V
14 146 V
5 146 V
LT0
3883 3026 D
2397 2487 D
3061 2728 D
1731 1188 D
3070 2755 D
1898 3138 D
4092 2461 D
3095 2926 D
3850 2585 D
2103 2850 D
1766 3521 D
3328 3251 D
3865 2163 D
4071 3657 D
1714 2785 D
3010 1524 D
2882 4230 D
3677 1275 D
3290 2947 D
5251 2361 D
4388 4190 D
4257 2942 D
3585 3014 D
3065 2024 D
4853 4290 D
2553 4869 D
2580 3941 D
3806 2805 D
5371 3030 D
3551 2702 D
3554 2693 D
1631 3750 D
3388 452 D
3017 2299 D
3281 2823 D
3259 4153 D
2904 2489 D
1620 1045 D
3628 1971 D
3388 2465 D
2425 2339 D
2151 1568 D
3224 2624 D
2723 2987 D
3243 2686 D
4864 2901 D
3230 2665 D
3082 3759 D
3888 980 D
3212 2787 D
2494 2355 D
3645 1989 D
3270 3111 D
3281 2382 D
2662 4254 D
1637 3404 D
3088 2533 D
4507 1814 D
1608 1713 D
2429 4028 D
2805 1545 D
1089 2989 D
2786 2231 D
2941 3013 D
2741 866 D
5141 3272 D
3805 2903 D
2074 3344 D
2351 3977 D
5099 3834 D
3096 2225 D
3337 2745 D
2518 2108 D
1330 2780 D
2934 2484 D
3562 2459 D
4225 2623 D
2752 2993 D
3794 3254 D
3266 3010 D
2054 3734 D
1593 1333 D
3207 3759 D
3209 2591 D
2849 2790 D
3110 2748 D
3269 2697 D
2953 2465 D
2479 4400 D
3098 3122 D
3511 2086 D
3890 2665 D
4968 2714 D
2779 2801 D
1999 1937 D
1234 1830 D
3102 4360 D
3026 2764 D
2308 3807 D
5083 1790 D
2942 2942 D
2389 1338 D
2630 1905 D
3617 2515 D
3169 2776 D
3584 4531 D
3493 2628 D
2694 2491 D
3229 2659 D
1782 3277 D
3058 1390 D
2667 3979 D
3203 2709 D
2987 2300 D
4229 1390 D
3733 1624 D
3750 3908 D
1965 2672 D
2776 2034 D
3244 2449 D
2107 3905 D
2779 3002 D
4061 2143 D
2535 4138 D
1488 2565 D
2560 1633 D
1135 2990 D
3361 1762 D
2182 881 D
2889 1999 D
2097 2345 D
3618 2471 D
2777 3827 D
2143 2246 D
2870 2212 D
2696 2009 D
4206 3333 D
2076 4677 D
3089 2069 D
2287 3389 D
1473 2753 D
4021 1818 D
3015 4693 D
2007 3841 D
2711 3707 D
4442 2265 D
4375 1673 D
3273 2879 D
2750 2964 D
4842 1581 D
2878 2203 D
3214 2820 D
2088 2451 D
3054 2628 D
2787 2349 D
3235 3170 D
2976 824 D
3358 3486 D
1174 3523 D
2466 2509 D
2084 2518 D
3888 2538 D
4334 2022 D
3074 607 D
2370 3331 D
1931 1082 D
3482 3407 D
5071 2783 D
4062 3190 D
2884 3348 D
1333 2599 D
3871 1857 D
1143 1820 D
5107 3463 D
1920 1178 D
1177 2080 D
3405 1789 D
4538 3768 D
5053 3257 D
5435 3201 D
3107 3339 D
4805 2533 D
2561 2825 D
3230 2664 D
2973 2366 D
3035 2552 D
4650 3837 D
1902 2959 D
3862 2716 D
2820 4421 D
2654 3177 D
1831 1950 D
2431 1100 D
2158 817 D
3078 3528 D
3378 798 D
3088 2511 D
2766 4256 D
2939 1566 D
4098 3568 D
3500 3283 D
3023 2644 D
3694 2832 D
2443 2286 D
4862 2502 D
2882 2162 D
3119 2741 D
1547 3840 D
3758 1870 D
3374 2575 D
3224 2662 D
3715 1657 D
1970 1967 D
2214 4339 D
2922 3302 D
2054 3528 D
4351 862 D
4171 3229 D
1777 2841 D
3381 2810 D
2031 3692 D
3549 2532 D
2227 3796 D
3046 2257 D
3020 2807 D
5102 1582 D
5447 2386 D
3512 910 D
1999 2275 D
3728 2745 D
3087 2824 D
3654 2484 D
2807 4271 D
4171 2172 D
2730 3144 D
3812 3290 D
4931 2028 D
3556 2277 D
2852 3093 D
4716 954 D
1431 1627 D
1475 4059 D
2892 2729 D
3316 2271 D
5526 2404 D
3910 2552 D
3309 4135 D
3858 2952 D
2096 1900 D
4123 3932 D
3638 1745 D
2268 4491 D
2561 2493 D
2976 2621 D
5201 2783 D
3547 2037 D
3742 3561 D
2253 3917 D
2192 2093 D
3609 1669 D
3021 3888 D
1223 2853 D
2852 1210 D
2741 3754 D
3655 4433 D
3248 2627 D
2939 2655 D
4194 1211 D
3430 3572 D
3245 2624 D
4662 2622 D
4004 1842 D
3312 2972 D
2021 4437 D
3546 749 D
4372 2991 D
4988 2142 D
3376 3037 D
4814 1318 D
4089 2912 D
2828 4523 D
3374 2676 D
3266 2272 D
2536 3215 D
3333 4232 D
3218 2658 D
1118 2937 D
2953 2852 D
3185 2501 D
2826 2309 D
4578 2178 D
3088 2106 D
4989 3444 D
2178 2375 D
2160 3033 D
2059 4438 D
2248 2867 D
4337 1961 D
5014 1767 D
4101 3650 D
3995 725 D
2631 2302 D
3887 2201 D
4880 2960 D
3029 2613 D
2990 2612 D
3030 2961 D
2668 1591 D
3143 2563 D
1670 2558 D
2311 1465 D
2810 3285 D
2741 1945 D
3527 2974 D
3062 4478 D
4020 2149 D
4295 3131 D
4623 2367 D
4512 4129 D
2456 1944 D
1502 2837 D
3237 2644 D
4936 2088 D
2271 4721 D
2177 4290 D
4516 4291 D
5097 1900 D
2871 3156 D
4682 3699 D
3077 3450 D
3038 1518 D
3039 1190 D
4590 4204 D
3259 2859 D
4646 3246 D
2971 3054 D
3023 4787 D
2179 3940 D
4046 3019 D
1555 3728 D
3183 3215 D
4129 4572 D
5275 2608 D
4111 939 D
3749 3282 D
1969 3296 D
4592 2513 D
3795 2732 D
3213 2675 D
2642 3633 D
2186 2259 D
2915 438 D
3526 3379 D
3537 3195 D
2660 2939 D
2237 2234 D
3184 2076 D
3296 677 D
2369 4153 D
3235 1236 D
2828 2511 D
3248 2680 D
3139 2349 D
3225 3864 D
4053 926 D
2890 3632 D
4846 4245 D
2505 1692 D
3449 2251 D
4273 2883 D
4041 2820 D
2830 3395 D
3293 2327 D
2419 2381 D
2312 3266 D
3853 983 D
3424 4414 D
1859 2457 D
3282 3569 D
3200 2992 D
3228 2368 D
3483 3604 D
3181 3329 D
2989 1483 D
1643 1386 D
3263 2701 D
3650 2481 D
1797 1310 D
1398 3894 D
1148 2677 D
2639 3881 D
2273 2958 D
2799 3867 D
3271 2435 D
1810 3451 D
3060 2751 D
3189 2501 D
2981 3161 D
1802 3824 D
3100 3238 D
5091 1527 D
4244 3174 D
4658 2070 D
1660 2197 D
4768 2584 D
3315 2724 D
3156 2641 D
2943 2939 D
4079 1517 D
5295 3377 D
4713 2574 D
4766 3518 D
4321 3086 D
3718 3707 D
3899 1629 D
2980 2714 D
3103 2712 D
3242 2668 D
2990 2321 D
5053 1875 D
3915 4396 D
1887 1040 D
2269 4173 D
3699 3959 D
3201 2678 D
3555 2197 D
2045 2486 D
3189 2682 D
1315 1459 D
1438 1332 D
2803 3209 D
3532 2744 D
3680 4100 D
3255 2658 D
1874 3157 D
2880 3509 D
4470 2622 D
3958 2539 D
2513 2860 D
3707 3545 D
3853 2360 D
3455 1294 D
4391 1459 D
2533 3271 D
2597 4119 D
1845 2488 D
2626 4371 D
3396 1675 D
3435 4496 D
2794 2575 D
2428 3188 D
2600 2259 D
3482 2272 D
2488 3740 D
5292 3488 D
2849 1745 D
4274 1512 D
1163 2829 D
3436 1444 D
4468 4520 D
3502 1860 D
1938 3431 D
4798 1757 D
1760 1838 D
2511 3808 D
3182 2680 D
3066 2805 D
5057 2208 D
4509 2733 D
3522 4009 D
3595 3523 D
5270 1893 D
2523 2770 D
2063 2482 D
1457 1421 D
2153 3820 D
3092 2354 D
2358 2612 D
1423 3867 D
2731 2363 D
2096 1797 D
3717 2309 D
4811 3164 D
3045 3794 D
2499 3703 D
4190 3146 D
3517 3133 D
1075 3539 D
1627 2083 D
3221 2658 D
3122 2643 D
2295 3638 D
3172 3350 D
3228 2660 D
3610 1010 D
2862 1892 D
3822 3227 D
4090 3976 D
3533 1993 D
3401 3040 D
2643 4177 D
4048 1649 D
3011 3096 D
3116 2592 D
3843 1012 D
3350 2258 D
4061 4241 D
3951 1489 D
2975 1662 D
3234 3313 D
3628 2303 D
3648 2871 D
3975 2423 D
4073 1110 D
3104 2686 D
2258 4374 D
3734 1446 D
3228 2674 D
5013 3222 D
3219 2441 D
3366 2258 D
3112 1500 D
2728 3365 D
2308 1935 D
3176 2872 D
2948 2773 D
3322 2849 D
2771 2538 D
3662 2907 D
3315 2617 D
3101 2662 D
4687 3476 D
3250 2716 D
3383 2669 D
4662 1088 D
1832 3008 D
3488 3265 D
2069 2929 D
3919 2703 D
3661 4377 D
3199 2679 D
3525 4452 D
2720 2425 D
916 2495 D
3567 2928 D
1899 1108 D
2890 2491 D
2315 2684 D
4083 2997 D
2670 2507 D
4076 2464 D
1611 3212 D
2067 1952 D
3213 3178 D
4072 2759 D
3265 610 D
2890 2601 D
3828 977 D
3274 2714 D
3296 2674 D
3424 658 D
4527 2113 D
3714 2066 D
3195 2662 D
2254 2306 D
5076 3781 D
3366 2786 D
2525 3332 D
5423 3190 D
3556 2924 D
4940 1853 D
1265 3196 D
3632 2940 D
3818 2147 D
3709 3344 D
2020 2224 D
3725 3082 D
3562 2385 D
1788 3276 D
4214 3855 D
4022 2906 D
2432 2968 D
3092 2935 D
3381 2156 D
3627 3878 D
3314 1650 D
4869 3636 D
3178 1413 D
3755 784 D
3227 2651 D
2757 2954 D
2213 3655 D
5099 1828 D
1884 3336 D
3211 3005 D
4132 1807 D
2806 2838 D
1154 2240 D
872 2800 D
2974 705 D
2434 1583 D
3450 3783 D
2576 4070 D
4723 1915 D
3420 2633 D
3548 2073 D
3295 2747 D
3278 2909 D
3303 2150 D
1338 2979 D
2927 1555 D
3259 2647 D
4055 1407 D
2699 2179 D
1257 2886 D
5149 2723 D
4472 4014 D
5125 3019 D
3241 2584 D
2729 2380 D
3796 3243 D
3637 4467 D
2533 2238 D
4404 2304 D
2142 1680 D
2305 4573 D
3537 2059 D
3685 3097 D
3222 2533 D
1306 3134 D
4564 2629 D
1966 934 D
3760 3328 D
3084 2907 D
1945 2936 D
1549 2887 D
3600 2558 D
3105 2558 D
1716 1613 D
3017 3976 D
2476 2029 D
4378 1335 D
2698 2294 D
4322 3849 D
4838 1603 D
3317 3057 D
1004 1889 D
2372 1281 D
4433 1955 D
1718 3064 D
2833 2385 D
5121 2976 D
1319 2998 D
3144 2511 D
1558 2424 D
3728 1741 D
4565 2587 D
2915 2758 D
2952 3568 D
5103 1664 D
2282 3376 D
952 3103 D
2169 4034 D
4661 4202 D
3369 4237 D
5528 2958 D
3216 2850 D
1431 1525 D
2562 4080 D
3881 3527 D
1012 3402 D
3777 3214 D
2210 1479 D
3410 554 D
2948 2661 D
4212 4102 D
2638 2846 D
3390 3072 D
4482 2611 D
4288 910 D
3990 3317 D
3380 2147 D
2963 4677 D
4018 2517 D
3189 4147 D
4948 2890 D
2974 2729 D
2378 3475 D
3115 2381 D
3076 4037 D
3245 3983 D
2475 4295 D
4972 2603 D
2878 3359 D
3206 1203 D
3463 2389 D
2023 3716 D
2690 1016 D
3487 2345 D
2312 1822 D
3249 2652 D
2539 4574 D
3389 4225 D
3749 1935 D
1909 2575 D
3076 2683 D
3116 2601 D
3237 660 D
5105 3815 D
2103 4499 D
3204 2889 D
3236 2681 D
2607 3092 D
2786 2406 D
3214 2696 D
3236 2712 D
3236 2435 D
2554 3901 D
2939 4860 D
2681 4687 D
2662 2782 D
3880 1607 D
4201 1037 D
4744 1344 D
2763 3790 D
3403 2464 D
2250 1937 D
2226 4355 D
2767 4925 D
2702 3071 D
3876 2960 D
2521 1684 D
3154 2136 D
3897 1210 D
3322 2587 D
2293 4050 D
3745 2138 D
4478 695 D
3232 1391 D
3846 4399 D
2501 3303 D
2937 2642 D
3039 651 D
1890 3191 D
3182 549 D
1934 1503 D
3427 2784 D
3056 534 D
3527 2892 D
3506 1991 D
3427 2338 D
3491 3229 D
2039 2458 D
1850 3218 D
2982 3080 D
3004 2612 D
3308 3034 D
3409 3001 D
3314 2528 D
3261 3512 D
3073 2717 D
3898 2187 D
3197 2685 D
5087 2170 D
3970 1800 D
1557 1919 D
2320 3008 D
3455 3709 D
2538 4115 D
3413 2822 D
4383 1827 D
3137 2416 D
2714 3914 D
2497 3433 D
1340 1939 D
3228 2659 D
2981 2659 D
3477 3692 D
1506 3548 D
3674 1220 D
3500 1201 D
3291 2718 D
2979 781 D
3221 2736 D
2428 541 D
3450 1620 D
2849 867 D
3289 2949 D
1958 1741 D
2926 2996 D
1414 1582 D
4460 2282 D
2566 2702 D
4522 4189 D
3187 2752 D
2994 373 D
1557 4209 D
1003 3392 D
2596 2821 D
3287 2647 D
2612 2433 D
3134 2235 D
3777 3354 D
3505 3637 D
5328 1853 D
4030 2983 D
1541 2633 D
2007 2542 D
3935 538 D
2384 3525 D
3929 4249 D
2009 867 D
2836 2592 D
2315 1042 D
1991 2450 D
4714 2845 D
3924 2569 D
5049 1253 D
931 2332 D
3180 2710 D
3820 4208 D
2024 1246 D
3487 2851 D
4030 2122 D
5607 2668 D
3411 1811 D
3853 1310 D
2872 3876 D
2439 4544 D
5427 1965 D
3848 2544 D
3318 1215 D
3101 2702 D
3248 2664 D
2889 3681 D
4611 3119 D
3604 4729 D
1601 2652 D
4616 1983 D
2630 2100 D
2158 4273 D
3396 1703 D
3292 3627 D
3714 2734 D
2593 2586 D
3218 891 D
3783 2436 D
3711 3040 D
4201 3105 D
1084 3214 D
3243 4045 D
3241 2739 D
3700 2051 D
3130 2613 D
2777 3145 D
3638 403 D
3397 1308 D
2800 2809 D
3060 2534 D
3238 3047 D
3593 503 D
3049 1715 D
2622 958 D
2731 3983 D
3338 2631 D
3680 1212 D
3445 2626 D
3222 4355 D
2237 2141 D
2142 2519 D
3058 2130 D
3921 2546 D
3063 3296 D
3885 2680 D
3185 2743 D
2931 2827 D
3668 3119 D
3318 2490 D
4820 2228 D
3310 3314 D
2100 4287 D
1817 1774 D
4323 1972 D
5378 1804 D
1238 2251 D
3155 2675 D
2213 4474 D
4645 1814 D
3258 2140 D
1628 2709 D
3249 3026 D
2202 1931 D
3145 2860 D
2924 2223 D
2304 1776 D
3427 2275 D
3500 2850 D
1677 2498 D
2671 3842 D
2721 3453 D
1880 2175 D
2944 1233 D
3264 2441 D
4882 3685 D
2433 3294 D
3092 2489 D
2793 1461 D
3146 2592 D
5221 3498 D
1967 4410 D
4090 2563 D
2040 2482 D
2549 2342 D
2625 3185 D
2288 3335 D
2322 976 D
3052 2268 D
2215 1993 D
2968 4068 D
3289 2736 D
3411 2194 D
3217 2653 D
1979 3115 D
2470 3619 D
2765 1636 D
2942 2503 D
3361 1207 D
4861 3563 D
3407 3472 D
3630 3090 D
5208 1725 D
3368 2288 D
3697 2899 D
4132 3266 D
3285 4849 D
3252 2601 D
3537 2503 D
2358 4544 D
4205 1264 D
2874 2322 D
1973 1444 D
3650 3496 D
3405 1684 D
3111 2095 D
3157 2107 D
4519 3535 D
3110 2563 D
2695 3984 D
4428 3156 D
3174 2592 D
3725 2859 D
2701 2295 D
3446 2955 D
2556 4344 D
4451 3497 D
2064 2212 D
2617 2063 D
3522 3590 D
3466 3025 D
2455 854 D
3893 1854 D
2539 4436 D
3527 1959 D
2721 1179 D
1311 3167 D
4054 2638 D
3256 2638 D
3328 2712 D
5470 2261 D
1802 3208 D
3291 2869 D
1831 1070 D
3675 3914 D
4249 1638 D
4356 2077 D
2735 2774 D
2467 3090 D
2363 2982 D
2714 447 D
2758 1938 D
4307 4621 D
5242 3877 D
1548 2694 D
3209 1216 D
4143 1415 D
2928 3146 D
3120 4033 D
3790 839 D
3286 2626 D
4394 4451 D
4385 4592 D
1450 2983 D
3445 3313 D
3646 1989 D
5024 3041 D
3146 3363 D
3404 1846 D
4237 3812 D
3333 2403 D
4206 2047 D
stroke
grestore
end
showpage
%%Page: 2 2
gnudict begin
gsave
50 50 translate
0.100 0.100 scale
90 rotate
0 -5040 translate
0 setgray
/Helvetica findfont 140 scalefont setfont
newpath
stroke
grestore
end
showpage
