%!PS-Adobe-2.0
%%Creator: gnuplot
%%DocumentFonts: Helvetica
%%BoundingBox: 50 50 393 770
%%Pages: (atend)
%%EndComments
/gnudict 40 dict def
gnudict begin
/Color false def
/Solid false def
/gnulinewidth 5.000 def
/vshift -46 def
/dl {10 mul} def
/hpt 12.5 def
/vpt 12.5 def
/M {moveto} bind def
/L {lineto} bind def
/R {rmoveto} bind def
/V {rlineto} bind def
/vpt2 vpt 2 mul def
/hpt2 hpt 2 mul def
/Lshow { currentpoint stroke M
  0 vshift R show } def
/Rshow { currentpoint stroke M
  dup stringwidth pop neg vshift R show } def
/Cshow { currentpoint stroke M
  dup stringwidth pop -2 div vshift R show } def
/DL { Color {setrgbcolor Solid {pop []} if 0 setdash }
 {pop pop pop Solid {pop []} if 0 setdash} ifelse } def
/BL { stroke gnulinewidth 2 mul setlinewidth } def
/AL { stroke gnulinewidth 2 div setlinewidth } def
/PL { stroke gnulinewidth setlinewidth } def
/LTb { BL [] 0 0 0 DL } def
/LTa { AL [1 dl 2 dl] 0 setdash 0 0 0 setrgbcolor } def
/LT0 { PL [] 0 1 0 DL } def
/LT1 { PL [4 dl 2 dl] 0 0 1 DL } def
/LT2 { PL [2 dl 3 dl] 1 0 0 DL } def
/LT3 { PL [1 dl 1.5 dl] 1 0 1 DL } def
/LT4 { PL [5 dl 2 dl 1 dl 2 dl] 0 1 1 DL } def
/LT5 { PL [4 dl 3 dl 1 dl 3 dl] 1 1 0 DL } def
/LT6 { PL [2 dl 2 dl 2 dl 4 dl] 0 0 0 DL } def
/LT7 { PL [2 dl 2 dl 2 dl 2 dl 2 dl 4 dl] 1 0.3 0 DL } def
/LT8 { PL [2 dl 2 dl 2 dl 2 dl 2 dl 2 dl 2 dl 4 dl] 0.5 0.5 0.5 DL } def
/P { stroke [] 0 setdash
  currentlinewidth 2 div sub M
  0 currentlinewidth V stroke } def
/D { stroke [] 0 setdash 2 copy vpt add M
  hpt neg vpt neg V hpt vpt neg V
  hpt vpt V hpt neg vpt V closepath stroke
  P } def
/A { stroke [] 0 setdash vpt sub M 0 vpt2 V
  currentpoint stroke M
  hpt neg vpt neg R hpt2 0 V stroke
  } def
/B { stroke [] 0 setdash 2 copy exch hpt sub exch vpt add M
  0 vpt2 neg V hpt2 0 V 0 vpt2 V
  hpt2 neg 0 V closepath stroke
  P } def
/C { stroke [] 0 setdash exch hpt sub exch vpt add M
  hpt2 vpt2 neg V currentpoint stroke M
  hpt2 neg 0 R hpt2 vpt2 V stroke } def
/T { stroke [] 0 setdash 2 copy vpt 1.12 mul add M
  hpt neg vpt -1.62 mul V
  hpt 2 mul 0 V
  hpt neg vpt 1.62 mul V closepath stroke
  P  } def
/S { 2 copy A C} def
end
%%EndProlog
%%Page: 1 1
gnudict begin
gsave
50 50 translate
0.100 0.100 scale
90 rotate
0 -3427 translate
0 setgray
/Helvetica findfont 140 scalefont setfont
newpath
LTa
LTb
840 351 M
63 0 V
6066 0 R
-63 0 V
756 351 M
(-1) Rshow
840 652 M
63 0 V
6066 0 R
-63 0 V
756 652 M
(-0.8) Rshow
840 952 M
63 0 V
6066 0 R
-63 0 V
756 952 M
(-0.6) Rshow
840 1252 M
63 0 V
6066 0 R
-63 0 V
-6150 0 R
(-0.4) Rshow
840 1553 M
63 0 V
6066 0 R
-63 0 V
-6150 0 R
(-0.2) Rshow
840 1854 M
63 0 V
6066 0 R
-63 0 V
-6150 0 R
(0) Rshow
840 2154 M
63 0 V
6066 0 R
-63 0 V
-6150 0 R
(0.2) Rshow
840 2455 M
63 0 V
6066 0 R
-63 0 V
-6150 0 R
(0.4) Rshow
840 2755 M
63 0 V
6066 0 R
-63 0 V
-6150 0 R
(0.6) Rshow
840 3056 M
63 0 V
6066 0 R
-63 0 V
-6150 0 R
(0.8) Rshow
840 3356 M
63 0 V
6066 0 R
-63 0 V
-6150 0 R
(1) Rshow
840 351 M
0 63 V
0 2942 R
0 -63 V
840 211 M
(-2) Cshow
1606 351 M
0 63 V
0 2942 R
0 -63 V
0 -3082 R
(-1.5) Cshow
2372 351 M
0 63 V
0 2942 R
0 -63 V
0 -3082 R
(-1) Cshow
3138 351 M
0 63 V
0 2942 R
0 -63 V
0 -3082 R
(-0.5) Cshow
3905 351 M
0 63 V
0 2942 R
0 -63 V
0 -3082 R
(0) Cshow
4671 351 M
0 63 V
0 2942 R
0 -63 V
0 -3082 R
(0.5) Cshow
5437 351 M
0 63 V
0 2942 R
0 -63 V
0 -3082 R
(1) Cshow
6203 351 M
0 63 V
0 2942 R
0 -63 V
0 -3082 R
(1.5) Cshow
6969 351 M
0 63 V
0 2942 R
0 -63 V
0 -3082 R
(2) Cshow
840 351 M
6129 0 V
0 3005 V
-6129 0 V
840 351 L
140 1853 M
currentpoint gsave translate 90 rotate 0 0 M
(Y  SCALE) Cshow
grestore
3904 71 M
(X  SCALE) Cshow
LT0
LT1
6969 1854 M
-6 95 V
-19 95 V
-30 94 V
-43 93 V
-55 91 V
-67 90 V
-77 87 V
-90 85 V
-99 82 V
-111 78 V
-120 75 V
-130 71 V
-138 67 V
-147 63 V
-155 57 V
-162 53 V
-168 48 V
-174 42 V
-180 37 V
-184 31 V
-187 26 V
-190 19 V
-193 14 V
-194 7 V
-194 2 V
-194 -5 V
-194 -10 V
-191 -17 V
-189 -22 V
-186 -29 V
-181 -34 V
-177 -39 V
-172 -45 V
-165 -51 V
-158 -55 V
-151 -60 V
-143 -65 V
-134 -69 V
-125 -73 V
-116 -76 V
-105 -81 V
-94 -83 V
-84 -86 V
-72 -89 V
-61 -90 V
-49 -92 V
-37 -94 V
-24 -95 V
-12 -95 V
0 -95 V
12 -95 V
24 -95 V
37 -94 V
49 -92 V
61 -90 V
72 -89 V
84 -86 V
94 -83 V
105 -81 V
116 -76 V
125 -73 V
134 -69 V
143 -65 V
151 -60 V
158 -55 V
165 -51 V
172 -45 V
177 -39 V
181 -34 V
186 -29 V
189 -22 V
191 -17 V
194 -10 V
194 -5 V
194 2 V
194 7 V
193 14 V
190 19 V
187 26 V
184 31 V
180 37 V
174 42 V
168 48 V
162 53 V
155 57 V
147 63 V
138 67 V
130 71 V
120 75 V
111 78 V
99 82 V
90 85 V
77 87 V
67 90 V
55 91 V
43 93 V
30 94 V
19 95 V
6 95 V
LT0
2616 942 D
2461 1976 D
2299 2517 D
5065 473 D
4948 3094 D
2564 1687 D
4454 2067 D
2132 2893 D
3303 812 D
3847 3223 D
4262 426 D
4063 3074 D
2374 1344 D
3809 2113 D
5927 2573 D
4335 2484 D
3175 1712 D
5983 2437 D
3518 2265 D
4959 1293 D
3786 1529 D
2867 670 D
4612 2563 D
3679 3350 D
6794 1988 D
4337 837 D
1798 1494 D
2244 1071 D
4065 2224 D
1399 2227 D
4061 2529 D
6230 1045 D
4370 979 D
3849 1530 D
2337 1226 D
5941 2067 D
2614 2684 D
5578 1936 D
5317 1238 D
6168 2617 D
3283 816 D
2385 2835 D
6378 2466 D
3046 420 D
3216 1125 D
5172 1833 D
5683 1026 D
2139 2920 D
4931 1172 D
1678 2080 D
4589 635 D
6088 1277 D
2900 573 D
5412 2792 D
2580 3042 D
2327 1561 D
5717 1623 D
3134 2391 D
5132 2112 D
2526 1200 D
4723 1349 D
5636 1434 D
1427 2522 D
2198 2986 D
3134 3111 D
3604 2253 D
4047 1947 D
3587 363 D
4045 1352 D
1934 2805 D
6485 1531 D
1675 1339 D
2968 2137 D
5144 2009 D
3550 596 D
3746 1062 D
1205 1720 D
3880 2821 D
2807 1828 D
5303 1254 D
4270 522 D
4872 1782 D
5874 2615 D
3880 355 D
1568 1433 D
4019 1183 D
2472 2848 D
2152 2502 D
2596 2949 D
3072 2649 D
1270 1165 D
3699 1028 D
2398 3069 D
3271 1539 D
3196 941 D
1896 2039 D
1821 2759 D
4633 2888 D
3112 2050 D
4081 2339 D
6366 2486 D
5960 2236 D
5702 2234 D
5077 2492 D
3317 1660 D
3891 1052 D
4759 1013 D
1221 2398 D
3216 2943 D
4303 1948 D
4372 2139 D
5477 831 D
3617 360 D
3672 3262 D
5865 2063 D
6274 2174 D
3504 1115 D
1387 2263 D
6353 2538 D
3969 2170 D
5138 1814 D
5210 2841 D
3212 426 D
5541 1191 D
1728 832 D
1290 1932 D
4562 1431 D
3182 3192 D
1143 1209 D
5832 1400 D
2269 2146 D
2646 2327 D
6269 2533 D
5031 2241 D
1067 1515 D
1783 1968 D
6560 1288 D
3760 737 D
4417 2837 D
4418 2900 D
3503 2679 D
3070 1231 D
1622 2555 D
4934 2827 D
5161 3195 D
1422 2635 D
5393 2681 D
4688 1712 D
3072 1561 D
4955 2984 D
3525 1972 D
4229 394 D
1586 1711 D
4136 1878 D
3149 2273 D
3348 2553 D
3871 2392 D
1954 2446 D
4738 2440 D
6931 1621 D
4225 1008 D
6350 1722 D
2257 2476 D
3834 1556 D
4139 3294 D
4509 1597 D
1347 1912 D
6627 1616 D
4804 793 D
5837 2578 D
3731 2010 D
4156 768 D
5205 1110 D
4518 997 D
2893 1435 D
3324 1573 D
3693 3177 D
4803 2560 D
3322 1102 D
6907 1765 D
2288 2285 D
3776 1861 D
1824 1512 D
5698 1978 D
3447 1851 D
4865 1438 D
3449 451 D
4236 2765 D
3657 2777 D
5112 1431 D
2434 880 D
4044 588 D
4562 2288 D
5738 2490 D
4412 1560 D
1760 1102 D
5446 2450 D
5871 2419 D
2439 547 D
6508 2470 D
4608 1764 D
2820 1805 D
5869 2081 D
4217 2150 D
4253 2492 D
4857 1247 D
2034 2945 D
1283 1347 D
2527 2336 D
962 1662 D
5503 859 D
3735 440 D
2810 2041 D
4715 2368 D
6647 2346 D
6006 785 D
2160 628 D
5518 1451 D
2474 1703 D
1452 1617 D
6691 2194 D
3016 1699 D
5509 2778 D
4915 2328 D
3304 2938 D
2509 1473 D
2246 832 D
5605 2577 D
6915 1647 D
2276 800 D
2113 1212 D
3640 1759 D
3930 2566 D
2268 1582 D
1871 2176 D
3952 2784 D
6758 1885 D
3030 1579 D
2927 2099 D
6899 1636 D
5783 2215 D
5167 2741 D
2661 485 D
5671 685 D
5142 1164 D
6211 1360 D
6656 2371 D
6297 2254 D
2557 1843 D
4057 636 D
4064 487 D
5783 1706 D
6388 1726 D
6107 2225 D
6156 2762 D
6161 1461 D
4727 1913 D
5179 2783 D
5717 2084 D
2106 1577 D
2612 2409 D
2386 1320 D
5717 1959 D
1833 1887 D
6249 1226 D
969 2202 D
1525 2565 D
5357 2089 D
2802 2571 D
1884 2744 D
2731 1211 D
4660 1879 D
3080 973 D
4240 1515 D
1928 2300 D
2213 2767 D
6465 2277 D
6415 2288 D
4490 3066 D
6701 2102 D
5225 800 D
2932 2666 D
2971 2545 D
4739 2326 D
2314 809 D
4923 1725 D
2993 2096 D
2875 996 D
2851 1181 D
2875 1574 D
3959 3099 D
3040 1644 D
6804 1487 D
2651 1540 D
2348 2456 D
1404 1414 D
3598 1392 D
5449 2329 D
1409 1626 D
5351 3082 D
4832 1707 D
6186 1856 D
5636 2444 D
3588 873 D
5670 879 D
6525 2166 D
3238 602 D
3430 605 D
3608 2989 D
4256 2804 D
4355 1374 D
6726 1909 D
2813 1368 D
5101 1700 D
6081 1352 D
2627 1933 D
2754 3168 D
2725 2008 D
5297 2912 D
2387 960 D
3751 990 D
3629 656 D
5097 1063 D
5516 2202 D
3236 2433 D
1536 1807 D
2975 3042 D
5591 960 D
5694 2691 D
2113 2747 D
4073 2018 D
6362 1483 D
4805 730 D
5273 2026 D
5460 2023 D
3545 2959 D
4500 3137 D
4054 1408 D
5983 1494 D
4269 2544 D
2134 1430 D
1072 1545 D
1488 1701 D
2202 894 D
2805 2406 D
3862 2555 D
3014 2393 D
2008 1298 D
4195 1288 D
3433 2458 D
3355 699 D
2189 1362 D
1099 1489 D
4486 980 D
4913 2333 D
6607 2152 D
4828 789 D
6301 1364 D
5005 2140 D
954 1879 D
6208 1407 D
3675 1816 D
4741 2208 D
5468 2477 D
4315 2290 D
1445 2112 D
2727 1459 D
4809 1030 D
1557 1193 D
2130 2423 D
5043 1771 D
2445 2369 D
6200 2237 D
3578 1428 D
5988 1305 D
4499 2497 D
5664 2722 D
3267 2691 D
1904 1929 D
5784 980 D
3403 451 D
1557 978 D
5216 709 D
4462 2501 D
4682 2337 D
4724 890 D
4811 1588 D
3306 1047 D
5613 2423 D
5809 1652 D
5973 1301 D
2684 594 D
3879 637 D
3314 2017 D
6776 1479 D
5769 2448 D
3270 1243 D
1705 1233 D
3001 3171 D
1878 2683 D
2540 1945 D
5929 2958 D
6605 1858 D
6684 1380 D
3495 2322 D
2649 823 D
4832 1765 D
3114 1087 D
2440 663 D
3369 1646 D
1940 2530 D
3831 1199 D
3427 2581 D
3527 2376 D
4719 3298 D
5224 849 D
6216 1570 D
2901 660 D
3772 3061 D
2551 530 D
1162 2362 D
1279 1266 D
5147 1309 D
5614 821 D
4920 528 D
4387 1682 D
4199 961 D
6224 1501 D
4389 973 D
5351 1816 D
2506 726 D
5325 1084 D
3042 591 D
5505 1929 D
4633 837 D
3891 1516 D
5854 1701 D
3581 1317 D
3686 588 D
4222 582 D
1272 2057 D
5594 1337 D
3752 986 D
6426 1679 D
4690 2852 D
5637 1717 D
3879 1080 D
2853 1823 D
4430 1449 D
5260 2113 D
5415 2503 D
6386 1307 D
5164 2472 D
3788 2409 D
1373 1020 D
2236 596 D
4516 2435 D
2043 1790 D
1754 1402 D
5437 1036 D
3702 3225 D
2547 1565 D
2134 878 D
4116 2372 D
2253 2517 D
5814 2843 D
4793 1506 D
2903 767 D
2733 1622 D
4799 507 D
4867 2509 D
5888 2910 D
5151 1324 D
4413 2883 D
2555 645 D
3611 2744 D
1284 2024 D
3118 2836 D
5237 2800 D
5428 1133 D
1456 2175 D
2032 1152 D
5163 3062 D
5360 730 D
2645 872 D
5975 1696 D
6827 1909 D
6897 1796 D
2516 1663 D
3969 1403 D
1382 1299 D
3783 1429 D
2852 2105 D
5777 801 D
1383 1518 D
5225 2592 D
3681 1141 D
4968 2126 D
3902 2367 D
4933 553 D
2408 1068 D
4562 1982 D
4324 1958 D
4767 1751 D
6180 2579 D
2953 2731 D
4985 1795 D
5903 2589 D
4221 2476 D
3063 3150 D
5321 2253 D
5365 2205 D
4355 1560 D
5459 2753 D
2778 2184 D
5581 1922 D
4391 675 D
2480 2793 D
2644 1123 D
3629 1318 D
4274 2204 D
3654 1647 D
4459 2254 D
3305 1519 D
5993 1661 D
2820 2857 D
3128 2849 D
5166 549 D
2525 2823 D
1992 1167 D
2456 2015 D
2137 1093 D
3925 2966 D
1871 2851 D
6416 1248 D
3539 2033 D
1776 1799 D
4469 3008 D
3242 896 D
3652 3049 D
5852 1815 D
3022 635 D
5989 2943 D
5589 720 D
3720 3322 D
1403 1201 D
2450 534 D
6273 2781 D
1290 1099 D
5643 938 D
2976 1185 D
2210 804 D
1612 964 D
5875 2791 D
2703 1791 D
4458 421 D
4133 1381 D
4079 1419 D
2338 881 D
3630 931 D
4386 2330 D
3814 3072 D
6165 2773 D
4069 1941 D
5069 2098 D
4365 2289 D
3212 2751 D
4009 2371 D
6779 2306 D
2205 2410 D
5663 2259 D
3669 1512 D
3000 947 D
6328 2718 D
5852 1164 D
3681 1613 D
2713 1485 D
870 1837 D
1595 2603 D
5551 2444 D
4839 509 D
5449 2092 D
4185 3069 D
2689 1721 D
3959 2330 D
5379 985 D
1281 2255 D
1535 1865 D
4254 2166 D
5884 2543 D
1783 2002 D
4751 1392 D
1406 2664 D
1971 2742 D
4652 751 D
5073 1852 D
5652 1261 D
3447 2315 D
5425 1420 D
3381 3165 D
5735 1333 D
3361 620 D
4323 2153 D
3093 2610 D
6523 2237 D
5092 2022 D
4211 1051 D
4432 2690 D
6350 1383 D
2951 2658 D
3150 1878 D
5728 2873 D
1726 1057 D
3779 1869 D
3046 428 D
5635 2097 D
2897 2458 D
3887 2505 D
5713 1744 D
1950 1117 D
4442 2895 D
4103 379 D
4394 2084 D
4508 663 D
3007 3088 D
4917 964 D
1000 2061 D
6020 1783 D
2519 2198 D
5259 895 D
6222 1945 D
1100 2342 D
2334 567 D
3996 2649 D
2207 2419 D
1705 2229 D
3404 919 D
5354 2080 D
5646 2624 D
5384 2034 D
5056 2049 D
2597 2127 D
5050 1261 D
5808 1766 D
6550 1563 D
3395 2834 D
3089 2656 D
2182 1595 D
1026 2019 D
3605 861 D
2036 2054 D
2928 1368 D
2845 1827 D
3198 1871 D
2370 1542 D
4651 1094 D
5239 3166 D
3877 2580 D
5618 1473 D
1770 2183 D
1554 2576 D
1991 1645 D
4956 1062 D
3731 3031 D
1474 2270 D
4629 1755 D
3947 1385 D
2886 1118 D
1967 1991 D
3463 2685 D
5777 980 D
1995 2348 D
4772 2401 D
2859 2850 D
3088 579 D
6151 1299 D
6272 2142 D
3929 2603 D
2175 638 D
4197 915 D
5826 1727 D
6838 1905 D
3675 2587 D
2018 2124 D
5508 1744 D
5864 833 D
1302 1067 D
5760 2828 D
2712 1199 D
5257 1887 D
3948 2892 D
4195 538 D
2738 1602 D
5719 1616 D
3979 2185 D
2937 1870 D
1636 1619 D
1451 1890 D
3419 669 D
1548 1595 D
2434 2747 D
2126 1521 D
5675 1347 D
3471 1559 D
5462 2231 D
3050 2286 D
2070 2184 D
4572 1211 D
5441 1778 D
6128 2247 D
5095 630 D
2939 970 D
4410 2408 D
5438 1719 D
1322 2406 D
5997 1556 D
6512 2480 D
5735 670 D
1062 2184 D
5354 767 D
5494 1995 D
2424 978 D
3006 2159 D
3647 2052 D
4675 1996 D
3748 2555 D
2273 2518 D
2691 1364 D
4213 2160 D
2199 3015 D
6792 1820 D
1401 2574 D
4508 1135 D
3065 817 D
5337 2117 D
3414 3279 D
4220 2221 D
6828 1640 D
6088 2374 D
3295 3137 D
1885 1257 D
5546 2984 D
4263 2296 D
3448 1859 D
1194 2169 D
5449 953 D
4703 1232 D
3832 474 D
1887 1346 D
1621 1483 D
1513 2641 D
5269 1823 D
4384 3242 D
4321 1519 D
3841 2668 D
2137 1972 D
5378 1611 D
3576 571 D
2513 1092 D
1975 767 D
1868 1419 D
5266 2557 D
5082 714 D
3774 1600 D
5883 1487 D
6550 1395 D
4155 2287 D
4093 794 D
4479 1444 D
6118 888 D
3690 1995 D
1500 2084 D
4035 1630 D
2950 2651 D
1551 1743 D
5571 2968 D
4633 992 D
5228 1856 D
4976 688 D
3387 2579 D
3031 2930 D
5573 2423 D
2496 2340 D
5549 2847 D
3273 2884 D
5293 2040 D
2384 2715 D
2709 2315 D
4713 2251 D
4165 1351 D
3246 2794 D
6350 2599 D
5728 1755 D
5103 2074 D
3429 2391 D
6746 1800 D
1815 1609 D
4291 3280 D
1369 1352 D
3881 813 D
4434 1339 D
6203 2393 D
4286 3205 D
2792 2264 D
3437 2306 D
6163 2167 D
5299 1004 D
4044 523 D
5624 1146 D
4573 1825 D
6596 1226 D
5857 2345 D
3293 1961 D
3792 1450 D
4047 2955 D
3858 2466 D
6508 2489 D
4943 2094 D
2882 1077 D
2427 1553 D
4613 2708 D
4101 2415 D
4327 1916 D
4086 2375 D
1123 1498 D
5757 3035 D
2226 2406 D
4432 2848 D
3011 3099 D
6453 1515 D
1077 1364 D
1960 2037 D
4886 629 D
2118 2973 D
6170 2508 D
2944 488 D
2634 2849 D
5580 2602 D
4897 1166 D
2807 1377 D
2895 444 D
4889 1930 D
3355 791 D
5751 856 D
5708 2802 D
2723 2390 D
5347 3053 D
1086 2375 D
6443 2515 D
3070 885 D
4159 2361 D
3512 648 D
4725 1968 D
3964 1535 D
1906 1718 D
5168 3111 D
3195 582 D
6846 1735 D
1205 1515 D
6555 2001 D
5137 1447 D
2904 1921 D
5402 2347 D
2389 581 D
993 2265 D
4336 3165 D
3500 1203 D
2091 2519 D
3792 1100 D
4415 3138 D
2356 2523 D
2519 3117 D
6549 2443 D
2048 1174 D
3325 2829 D
3823 2526 D
2441 2111 D
3612 803 D
4331 2179 D
4564 3162 D
3171 3121 D
4884 1626 D
4102 3078 D
2462 2278 D
6015 1701 D
4143 3320 D
2136 2949 D
4657 2853 D
5540 1623 D
2741 1345 D
2206 2158 D
6886 1543 D
4306 2425 D
6407 2669 D
4687 1445 D
3966 1397 D
3083 1868 D
4203 1327 D
1289 1236 D
4170 1307 D
5787 2496 D
2887 2002 D
1044 1858 D
5824 2461 D
2282 2195 D
6194 2107 D
4116 534 D
3862 1652 D
3202 1995 D
3303 1637 D
1981 2015 D
1733 1036 D
4061 2971 D
5104 2712 D
4000 2837 D
5620 1521 D
3481 3178 D
4131 1986 D
3850 1595 D
3082 1307 D
3432 459 D
4917 1489 D
5048 2806 D
3738 1417 D
4541 1999 D
4279 1638 D
3106 449 D
1790 1651 D
3011 1914 D
6885 2114 D
1791 2904 D
1171 2435 D
1437 1018 D
4795 775 D
2603 2774 D
6266 998 D
1083 2151 D
4639 3080 D
4130 2623 D
2742 1954 D
2291 3072 D
2194 2111 D
6038 800 D
4506 945 D
5240 1005 D
4315 2098 D
4835 2152 D
4817 2275 D
1723 1366 D
1023 2092 D
1723 1069 D
2750 2048 D
4869 443 D
5340 1845 D
4449 2587 D
2635 1227 D
6016 2893 D
4702 2986 D
5647 2477 D
2994 423 D
6026 1034 D
1195 1212 D
4719 1747 D
2896 1530 D
6442 1220 D
3689 2773 D
2628 2990 D
3536 1186 D
6076 828 D
1438 1642 D
2605 602 D
2578 1218 D
5208 2732 D
4361 875 D
2493 2248 D
5232 628 D
4067 1457 D
3876 2224 D
4112 362 D
2038 1807 D
1695 2491 D
5944 795 D
2355 760 D
2645 488 D
6596 2047 D
4034 641 D
2104 740 D
4018 1013 D
3416 2456 D
2295 1508 D
5975 1408 D
6362 1088 D
930 1990 D
2264 1889 D
5176 663 D
1064 2309 D
2636 1353 D
2199 2002 D
6767 1720 D
6508 2640 D
stroke
grestore
end
showpage
%%Page: 2 2
gnudict begin
gsave
50 50 translate
0.100 0.100 scale
90 rotate
0 -3427 translate
0 setgray
/Helvetica findfont 140 scalefont setfont
newpath
stroke
grestore
end
showpage
%%Trailer
%%Pages: 2
Pages: 2
store
end
showpage
%%Trailer
%%Pages: 2
showpage
%%Trailer
%%Pages: 2
