%!PS-Adobe-2.0
%%Creator: gnuplot
%%DocumentFonts: Helvetica
%%BoundingBox: 50 50 393 770
%%Pages: (atend)
%%EndComments
/gnudict 40 dict def
gnudict begin
/Color false def
/Solid false def
/gnulinewidth 5.000 def
/vshift -46 def
/dl {10 mul} def
/hpt 12.5 def
/vpt 12.5 def
/M {moveto} bind def
/L {lineto} bind def
/R {rmoveto} bind def
/V {rlineto} bind def
/vpt2 vpt 2 mul def
/hpt2 hpt 2 mul def
/Lshow { currentpoint stroke M
  0 vshift R show } def
/Rshow { currentpoint stroke M
  dup stringwidth pop neg vshift R show } def
/Cshow { currentpoint stroke M
  dup stringwidth pop -2 div vshift R show } def
/DL { Color {setrgbcolor Solid {pop []} if 0 setdash }
 {pop pop pop Solid {pop []} if 0 setdash} ifelse } def
/BL { stroke gnulinewidth 2 mul setlinewidth } def
/AL { stroke gnulinewidth 2 div setlinewidth } def
/PL { stroke gnulinewidth setlinewidth } def
/LTb { BL [] 0 0 0 DL } def
/LTa { AL [1 dl 2 dl] 0 setdash 0 0 0 setrgbcolor } def
/LT0 { PL [] 0 1 0 DL } def
/LT1 { PL [4 dl 2 dl] 0 0 1 DL } def
/LT2 { PL [2 dl 3 dl] 1 0 0 DL } def
/LT3 { PL [1 dl 1.5 dl] 1 0 1 DL } def
/LT4 { PL [5 dl 2 dl 1 dl 2 dl] 0 1 1 DL } def
/LT5 { PL [4 dl 3 dl 1 dl 3 dl] 1 1 0 DL } def
/LT6 { PL [2 dl 2 dl 2 dl 4 dl] 0 0 0 DL } def
/LT7 { PL [2 dl 2 dl 2 dl 2 dl 2 dl 4 dl] 1 0.3 0 DL } def
/LT8 { PL [2 dl 2 dl 2 dl 2 dl 2 dl 2 dl 2 dl 4 dl] 0.5 0.5 0.5 DL } def
/P { stroke [] 0 setdash
  currentlinewidth 2 div sub M
  0 currentlinewidth V stroke } def
/D { stroke [] 0 setdash 2 copy vpt add M
  hpt neg vpt neg V hpt vpt neg V
  hpt vpt V hpt neg vpt V closepath stroke
  P } def
/A { stroke [] 0 setdash vpt sub M 0 vpt2 V
  currentpoint stroke M
  hpt neg vpt neg R hpt2 0 V stroke
  } def
/B { stroke [] 0 setdash 2 copy exch hpt sub exch vpt add M
  0 vpt2 neg V hpt2 0 V 0 vpt2 V
  hpt2 neg 0 V closepath stroke
  P } def
/C { stroke [] 0 setdash exch hpt sub exch vpt add M
  hpt2 vpt2 neg V currentpoint stroke M
  hpt2 neg 0 R hpt2 vpt2 V stroke } def
/T { stroke [] 0 setdash 2 copy vpt 1.12 mul add M
  hpt neg vpt -1.62 mul V
  hpt 2 mul 0 V
  hpt neg vpt 1.62 mul V closepath stroke
  P  } def
/S { 2 copy A C} def
end
%%EndProlog
%%Page: 1 1
gnudict begin
gsave
50 50 translate
0.100 0.100 scale
90 rotate
0 -3427 translate
0 setgray
/Helvetica findfont 140 scalefont setfont
newpath
LTa
LTb
840 351 M
63 0 V
6066 0 R
-63 0 V
756 351 M
(-1) Rshow
840 652 M
63 0 V
6066 0 R
-63 0 V
756 652 M
(-0.8) Rshow
840 952 M
63 0 V
6066 0 R
-63 0 V
756 952 M
(-0.6) Rshow
840 1252 M
63 0 V
6066 0 R
-63 0 V
-6150 0 R
(-0.4) Rshow
840 1553 M
63 0 V
6066 0 R
-63 0 V
-6150 0 R
(-0.2) Rshow
840 1854 M
63 0 V
6066 0 R
-63 0 V
-6150 0 R
(0) Rshow
840 2154 M
63 0 V
6066 0 R
-63 0 V
-6150 0 R
(0.2) Rshow
840 2455 M
63 0 V
6066 0 R
-63 0 V
-6150 0 R
(0.4) Rshow
840 2755 M
63 0 V
6066 0 R
-63 0 V
-6150 0 R
(0.6) Rshow
840 3056 M
63 0 V
6066 0 R
-63 0 V
-6150 0 R
(0.8) Rshow
840 3356 M
63 0 V
6066 0 R
-63 0 V
-6150 0 R
(1) Rshow
840 351 M
0 63 V
0 2942 R
0 -63 V
840 211 M
(-2) Cshow
1606 351 M
0 63 V
0 2942 R
0 -63 V
0 -3082 R
(-1.5) Cshow
2372 351 M
0 63 V
0 2942 R
0 -63 V
0 -3082 R
(-1) Cshow
3138 351 M
0 63 V
0 2942 R
0 -63 V
0 -3082 R
(-0.5) Cshow
3905 351 M
0 63 V
0 2942 R
0 -63 V
0 -3082 R
(0) Cshow
4671 351 M
0 63 V
0 2942 R
0 -63 V
0 -3082 R
(0.5) Cshow
5437 351 M
0 63 V
0 2942 R
0 -63 V
0 -3082 R
(1) Cshow
6203 351 M
0 63 V
0 2942 R
0 -63 V
0 -3082 R
(1.5) Cshow
6969 351 M
0 63 V
0 2942 R
0 -63 V
0 -3082 R
(2) Cshow
840 351 M
6129 0 V
0 3005 V
-6129 0 V
840 351 L
140 1853 M
currentpoint gsave translate 90 rotate 0 0 M
(Y  SCALE) Cshow
grestore
3904 71 M
(X  SCALE) Cshow
LT0
LT1
6969 1854 M
-6 95 V
-19 95 V
-30 94 V
-43 93 V
-55 91 V
-67 90 V
-77 87 V
-90 85 V
-99 82 V
-111 78 V
-120 75 V
-130 71 V
-138 67 V
-147 63 V
-155 57 V
-162 53 V
-168 48 V
-174 42 V
-180 37 V
-184 31 V
-187 26 V
-190 19 V
-193 14 V
-194 7 V
-194 2 V
-194 -5 V
-194 -10 V
-191 -17 V
-189 -22 V
-186 -29 V
-181 -34 V
-177 -39 V
-172 -45 V
-165 -51 V
-158 -55 V
-151 -60 V
-143 -65 V
-134 -69 V
-125 -73 V
-116 -76 V
-105 -81 V
-94 -83 V
-84 -86 V
-72 -89 V
-61 -90 V
-49 -92 V
-37 -94 V
-24 -95 V
-12 -95 V
0 -95 V
12 -95 V
24 -95 V
37 -94 V
49 -92 V
61 -90 V
72 -89 V
84 -86 V
94 -83 V
105 -81 V
116 -76 V
125 -73 V
134 -69 V
143 -65 V
151 -60 V
158 -55 V
165 -51 V
172 -45 V
177 -39 V
181 -34 V
186 -29 V
189 -22 V
191 -17 V
194 -10 V
194 -5 V
194 2 V
194 7 V
193 14 V
190 19 V
187 26 V
184 31 V
180 37 V
174 42 V
168 48 V
162 53 V
155 57 V
147 63 V
138 67 V
130 71 V
120 75 V
111 78 V
99 82 V
90 85 V
77 87 V
67 90 V
55 91 V
43 93 V
30 94 V
19 95 V
6 95 V
LT0
6825 1566 D
6488 1139 D
1478 1049 D
6305 1190 D
3102 2420 D
4327 505 D
5792 889 D
2446 1679 D
1499 1786 D
2434 2434 D
1372 2557 D
6487 1615 D
1284 1465 D
1008 2013 D
5664 1437 D
3008 2406 D
2624 2361 D
3725 1594 D
2088 948 D
5625 2562 D
5172 1844 D
6880 1757 D
1129 2312 D
2524 1540 D
1305 2343 D
3527 2277 D
4312 1051 D
2175 1664 D
4974 2766 D
1394 1508 D
1289 1336 D
4376 3213 D
4752 2995 D
3600 3316 D
4845 718 D
4116 590 D
1789 1952 D
2450 2132 D
6198 1165 D
5044 619 D
4604 1975 D
2960 1098 D
1821 992 D
6288 1360 D
6889 2142 D
2583 894 D
6587 2183 D
1070 1375 D
3397 3298 D
6823 1447 D
6769 1999 D
3421 704 D
2136 2134 D
6468 2444 D
6001 770 D
2097 767 D
6515 2106 D
3193 2321 D
2536 669 D
4605 661 D
2920 731 D
3721 2114 D
2687 1368 D
4346 3111 D
1035 1493 D
897 1842 D
4323 3195 D
2289 1769 D
6398 2325 D
3517 1038 D
4080 1060 D
4191 1197 D
6245 1228 D
6441 2533 D
1479 2643 D
4496 2266 D
2422 657 D
4907 849 D
4919 1422 D
991 1760 D
4950 1217 D
5466 2241 D
1946 2672 D
4036 1509 D
2246 2016 D
2269 2130 D
5644 1314 D
4050 584 D
1078 2423 D
3934 1088 D
2294 845 D
6134 2815 D
3352 2493 D
2290 1356 D
5274 1199 D
4692 2877 D
6955 1791 D
1057 1831 D
974 1598 D
4976 1182 D
5092 1582 D
1139 2005 D
2226 1923 D
2448 924 D
5465 589 D
4119 2398 D
6402 2037 D
1158 1771 D
1254 1168 D
6962 1881 D
2393 1018 D
2678 2920 D
5292 1957 D
4162 2553 D
4390 1070 D
2916 2137 D
2256 2627 D
5761 793 D
5566 2408 D
2167 1513 D
6689 2271 D
1661 2082 D
4395 2566 D
5963 802 D
3517 1282 D
1588 1968 D
3725 2297 D
3314 1558 D
6808 2181 D
4837 1647 D
5425 1588 D
4805 2188 D
2279 1550 D
4804 1730 D
1222 1511 D
4157 1953 D
6563 1534 D
5700 1260 D
4938 1329 D
2365 887 D
1081 2369 D
1319 1131 D
6249 2458 D
3558 1586 D
4202 2614 D
6835 1821 D
1352 2681 D
1478 2440 D
2696 1039 D
1277 1784 D
4258 3046 D
4493 531 D
2414 1969 D
6733 1791 D
3795 1155 D
2488 3159 D
4652 2094 D
6815 1953 D
1947 2933 D
2930 1865 D
1012 2242 D
6858 1995 D
6092 1133 D
6797 1892 D
3828 2630 D
3734 1308 D
4773 676 D
4742 1468 D
3154 2936 D
2290 2525 D
1262 2325 D
5335 1220 D
1346 1883 D
6800 1552 D
3146 3230 D
2365 2149 D
4134 3131 D
6690 2463 D
1944 2211 D
4434 2531 D
5644 2362 D
5635 1008 D
2393 3125 D
4188 2862 D
1221 2246 D
962 2085 D
5252 3082 D
6861 1669 D
6614 1534 D
6697 2011 D
1746 1321 D
1972 1820 D
5899 719 D
2760 2047 D
6265 2644 D
6656 2194 D
6387 2397 D
2728 1405 D
4221 1572 D
6178 2189 D
2945 652 D
1517 1086 D
2122 1514 D
5592 1412 D
4437 1409 D
6892 1988 D
6509 2139 D
2431 3099 D
5494 2118 D
2161 2051 D
4843 678 D
4350 3249 D
2825 1872 D
4635 2194 D
6513 1414 D
3987 2362 D
6486 2028 D
5622 2595 D
2126 1865 D
1433 2571 D
1640 1843 D
6309 2473 D
6236 2823 D
3098 486 D
6172 1713 D
2075 1001 D
1681 1861 D
5006 1771 D
1234 1372 D
3061 2516 D
2677 1893 D
2934 455 D
870 1744 D
2700 2966 D
5521 611 D
1222 1464 D
4852 2395 D
4339 3211 D
6689 1880 D
1759 2817 D
1993 1237 D
5403 2595 D
6210 2332 D
5935 1877 D
3790 1269 D
6409 2273 D
5800 1467 D
5064 2085 D
6352 1317 D
2361 2828 D
5832 1327 D
6945 1875 D
5129 1837 D
1113 2070 D
4424 618 D
2003 2131 D
5072 520 D
4437 1646 D
2877 1784 D
5714 1295 D
5659 1297 D
3725 2554 D
2481 2052 D
1971 2207 D
5920 1923 D
6307 2593 D
2138 2127 D
5998 1905 D
3598 1065 D
4522 808 D
3433 2280 D
5760 3009 D
1765 2767 D
951 1676 D
3571 2168 D
1695 1214 D
3880 894 D
4563 1338 D
5794 2024 D
2131 2135 D
6236 1545 D
3295 2316 D
6584 1892 D
1153 1894 D
2277 1299 D
2149 2264 D
3261 2214 D
2269 1293 D
6364 2137 D
5266 1910 D
6198 2094 D
5225 762 D
2548 2865 D
3723 2848 D
1613 1355 D
6272 1084 D
6043 2793 D
6703 1382 D
6432 1518 D
5746 2754 D
2881 3073 D
2623 1554 D
4957 1254 D
1339 2398 D
1686 1089 D
5393 2650 D
3125 3125 D
2283 1455 D
4607 1470 D
2859 1884 D
2716 1260 D
3762 2534 D
4535 706 D
5489 2958 D
2628 2033 D
6848 1595 D
6880 1499 D
6349 1450 D
6686 1984 D
4124 1954 D
5917 2588 D
2260 2946 D
6470 1224 D
6819 1940 D
5689 2651 D
5434 2355 D
6899 2156 D
4318 1037 D
2685 1591 D
4766 1497 D
4532 1684 D
5394 555 D
1933 2276 D
888 1870 D
3213 760 D
1688 1239 D
6874 1594 D
1752 1395 D
1587 2301 D
2355 2527 D
4044 1879 D
1615 1839 D
3128 598 D
6066 2819 D
1636 2383 D
1976 1136 D
4390 388 D
3927 470 D
5648 1942 D
3610 2131 D
2057 1688 D
6261 2359 D
1919 2703 D
5377 1700 D
5072 2926 D
1119 1883 D
6317 957 D
4387 1040 D
5308 2251 D
3851 2166 D
5036 2582 D
4006 2713 D
5552 977 D
1659 1781 D
3887 1806 D
2567 1356 D
6742 1524 D
2744 2124 D
5308 1747 D
2327 2907 D
3347 2570 D
5465 2203 D
4787 1756 D
3991 486 D
1983 2193 D
6220 1488 D
2334 2918 D
5257 735 D
5092 2074 D
1381 2362 D
5497 1416 D
2098 2273 D
1322 1993 D
2996 2430 D
6215 867 D
1131 2360 D
1395 2395 D
3013 594 D
5847 767 D
2132 2577 D
3382 782 D
1144 1467 D
1460 1747 D
4385 577 D
5214 1900 D
1776 1634 D
1865 2854 D
4819 623 D
2506 1165 D
3575 1843 D
6135 1721 D
5889 1799 D
5177 2699 D
4191 1708 D
6244 1957 D
2439 734 D
6669 1338 D
4068 1160 D
6178 2646 D
3025 1765 D
5476 2441 D
1017 1884 D
5893 1485 D
4372 2638 D
5261 2027 D
4034 1732 D
4181 3167 D
6504 2223 D
4935 3195 D
2756 924 D
3206 769 D
6793 1964 D
5356 1085 D
1821 2363 D
3878 753 D
3972 2799 D
2412 2412 D
5020 1018 D
3025 2872 D
5544 1998 D
5820 2739 D
5645 1375 D
6108 1784 D
2377 2413 D
3557 457 D
2976 1393 D
6429 2446 D
2489 1559 D
4373 876 D
6718 1321 D
4165 1405 D
5177 1083 D
2387 3039 D
3360 2645 D
5040 3182 D
2609 2589 D
4599 1016 D
5784 2288 D
5029 495 D
4778 1706 D
847 1776 D
2105 1718 D
3725 3149 D
841 1864 D
4440 2041 D
3917 1489 D
5951 1926 D
2652 1349 D
4822 3096 D
2054 2754 D
1017 2090 D
6575 1576 D
5809 2690 D
6488 1387 D
3177 1783 D
6725 1359 D
6415 2381 D
6703 2288 D
3436 3075 D
5721 782 D
3462 1670 D
4814 2529 D
5532 850 D
5399 2132 D
5229 1169 D
5469 1705 D
4393 1029 D
6343 1973 D
6370 1224 D
3607 953 D
2770 1995 D
3601 407 D
2612 3035 D
4135 1636 D
3294 949 D
5524 1508 D
4692 787 D
3898 2342 D
5730 1336 D
1056 1423 D
1275 2589 D
6357 1089 D
5563 1193 D
5424 2135 D
2079 2159 D
3934 2717 D
5367 2355 D
5299 1820 D
1914 810 D
2795 2477 D
6554 1311 D
5408 2782 D
1810 2039 D
4773 1147 D
2540 2272 D
5866 1456 D
4629 3107 D
1747 815 D
5287 1205 D
4343 386 D
6472 2632 D
2695 938 D
3012 939 D
1533 2313 D
3638 529 D
1927 2833 D
5820 1768 D
3325 2468 D
1401 2515 D
1263 2478 D
5267 3172 D
4517 1070 D
3845 2076 D
4877 1631 D
1538 1228 D
5577 2165 D
1411 1744 D
1797 1067 D
3487 1836 D
6298 2147 D
5408 2596 D
2041 2708 D
2914 1834 D
5369 2849 D
6523 1496 D
2242 791 D
2934 2222 D
903 1603 D
6422 1258 D
2891 1977 D
1916 2918 D
6965 1812 D
3940 1461 D
3291 1673 D
3716 2759 D
6742 1748 D
2454 2584 D
2801 663 D
1436 2359 D
6673 1586 D
1521 2054 D
4504 905 D
1057 2006 D
1401 1630 D
1897 2013 D
1795 1122 D
5030 2121 D
5639 919 D
2316 731 D
5144 2338 D
6495 1405 D
6856 1864 D
6426 1781 D
2839 2793 D
4107 2832 D
6329 1241 D
5847 2997 D
6370 2567 D
4941 3054 D
1241 1786 D
2546 2529 D
5516 2626 D
3701 1546 D
3694 3173 D
4545 2143 D
1255 2383 D
6596 1890 D
2435 1670 D
3248 1491 D
6026 2497 D
5355 1366 D
6204 2705 D
6854 2162 D
6157 1833 D
3646 3068 D
5425 1342 D
5024 2764 D
3227 1721 D
3469 1972 D
2150 1187 D
2654 2040 D
2635 2884 D
1338 1903 D
6340 1454 D
3561 610 D
4305 2783 D
6541 1445 D
5891 1098 D
3847 3191 D
990 1809 D
3879 1050 D
6159 2028 D
2001 683 D
3096 2381 D
4086 1631 D
987 1726 D
2340 1072 D
3944 1947 D
5437 654 D
4642 885 D
4267 820 D
5636 1544 D
6203 1347 D
5629 820 D
2177 1996 D
6671 2478 D
3863 2837 D
4940 2564 D
3570 2427 D
5059 2433 D
2833 2667 D
5428 1818 D
2711 2401 D
5911 865 D
3365 412 D
1983 1042 D
6941 1766 D
4512 2377 D
5073 2521 D
6430 1614 D
6454 2437 D
4650 3029 D
1150 1350 D
969 1803 D
5623 2695 D
4749 1046 D
1858 832 D
2811 1371 D
4572 919 D
2451 721 D
3732 2445 D
1822 1031 D
1263 2323 D
5537 1401 D
3283 636 D
952 1522 D
6230 2727 D
6523 2312 D
982 2075 D
1331 2435 D
1476 1535 D
6778 1699 D
4495 1375 D
5988 2306 D
6583 1252 D
2497 3025 D
5935 1846 D
6826 2138 D
6252 2002 D
995 2321 D
6888 1903 D
3755 3262 D
3435 1584 D
6307 2014 D
6436 1213 D
6570 2441 D
2559 2431 D
3066 1401 D
6335 2513 D
5986 1694 D
3164 434 D
3852 2104 D
2574 734 D
3669 2812 D
4685 1839 D
4376 1357 D
1422 1512 D
1921 1374 D
2328 3057 D
5938 1711 D
5276 2797 D
4414 2026 D
5177 1760 D
1730 1410 D
1468 1597 D
3428 1469 D
5506 1003 D
3098 2486 D
4246 1574 D
1125 1883 D
2414 2552 D
4163 2936 D
4082 938 D
3992 2975 D
4327 931 D
5529 1257 D
3370 1849 D
2980 1833 D
6728 2289 D
5685 1224 D
1436 1931 D
2677 2899 D
3477 1110 D
6862 1667 D
5449 2896 D
6422 1358 D
3641 1221 D
3590 2177 D
5178 2396 D
5073 1768 D
4586 1103 D
6471 2311 D
5186 1667 D
1612 2689 D
5597 2052 D
1936 2358 D
5211 2513 D
3261 2372 D
6728 2319 D
3052 3204 D
2544 2264 D
2683 1181 D
1833 2194 D
3677 1465 D
2285 944 D
964 1706 D
5421 1965 D
1074 2151 D
2456 2672 D
2532 1844 D
1417 2278 D
3465 1003 D
4496 1368 D
6490 1884 D
4802 1654 D
1233 1869 D
1206 2183 D
5287 1160 D
1584 2629 D
1627 2160 D
3266 3226 D
5229 2529 D
3335 559 D
3059 1257 D
2465 2929 D
6183 2025 D
4730 2054 D
3448 1001 D
5722 2561 D
6549 1288 D
1669 2371 D
6795 1425 D
4838 3019 D
5854 2346 D
4534 1295 D
2733 1898 D
6079 1885 D
5743 2694 D
6554 1742 D
6678 2127 D
3521 1733 D
3856 2937 D
6428 1105 D
1071 1746 D
4469 3257 D
2255 2768 D
4267 2618 D
5928 1314 D
3911 2496 D
1261 2062 D
2238 652 D
3549 2290 D
3549 1720 D
1410 2648 D
6098 1031 D
1116 2194 D
5937 2134 D
4196 1827 D
5553 677 D
5644 2778 D
4621 2190 D
3993 1487 D
1123 2213 D
3450 968 D
5683 2396 D
1446 2639 D
1153 1708 D
5311 2536 D
3633 2905 D
5419 1427 D
4957 2210 D
5865 1805 D
1594 2348 D
3119 1717 D
3223 2280 D
3430 2028 D
1273 1619 D
1637 1029 D
2242 882 D
1640 1771 D
5018 3031 D
2863 2627 D
5650 2075 D
1169 2010 D
6772 1587 D
1848 1967 D
5474 1679 D
3865 1339 D
1915 2104 D
4816 2366 D
5034 474 D
1022 2217 D
6092 1936 D
3677 2263 D
3679 2058 D
6675 2279 D
4591 2949 D
5767 1332 D
5855 2618 D
4091 2836 D
4606 2462 D
3961 1569 D
1200 2402 D
3081 2987 D
3315 2984 D
5025 569 D
876 1820 D
4481 2577 D
1584 2789 D
3763 1527 D
1899 2980 D
5208 1057 D
5112 1591 D
3060 767 D
6738 1971 D
2285 2597 D
6452 1581 D
1346 1353 D
6787 2248 D
6282 2625 D
6364 2202 D
5879 1942 D
1550 1411 D
5600 2464 D
1935 1361 D
2724 1705 D
1961 1792 D
6147 1572 D
2361 2667 D
1015 1704 D
2034 1098 D
6153 2138 D
5411 735 D
6831 1697 D
4996 2179 D
6686 1944 D
6424 1496 D
5592 1746 D
2861 2930 D
1789 2323 D
1395 2044 D
5318 814 D
1763 2175 D
3150 3018 D
4891 1523 D
6825 2300 D
4215 3107 D
3107 2450 D
2887 936 D
3049 613 D
1994 1942 D
3277 3223 D
3759 753 D
2143 1282 D
6440 1303 D
1307 1333 D
1618 1081 D
2081 1237 D
2146 1448 D
6349 1650 D
4243 1614 D
2156 2366 D
1437 1867 D
3870 2930 D
1335 2631 D
6902 2085 D
1882 1070 D
3924 549 D
6462 2364 D
5231 1640 D
3511 2917 D
5674 1956 D
2613 1781 D
4577 880 D
5160 1490 D
3707 3049 D
2172 1154 D
5400 2690 D
3765 2847 D
6814 1604 D
6473 1384 D
5315 2283 D
3156 479 D
1888 2034 D
2671 2980 D
2858 1837 D
4712 1598 D
6096 1022 D
1635 1649 D
845 1783 D
6603 1379 D
3116 1777 D
5198 1384 D
4102 420 D
1262 1562 D
4153 2072 D
6751 1531 D
2013 2128 D
1555 1363 D
6084 2904 D
4931 562 D
3787 786 D
1676 1291 D
6432 1858 D
6793 1709 D
1108 2097 D
4672 2288 D
991 2120 D
5277 1601 D
4071 1357 D
6066 1093 D
6533 1507 D
3134 880 D
2956 2084 D
1807 816 D
4471 1018 D
1130 1687 D
5519 1923 D
6273 1867 D
1387 2522 D
2580 1063 D
4963 2553 D
5726 2810 D
6275 1155 D
4058 2028 D
3660 1806 D
1345 1056 D
6175 2313 D
5579 2352 D
6791 1724 D
1803 1878 D
4118 1134 D
1767 1666 D
6479 2650 D
1995 900 D
2311 2532 D
982 2192 D
1495 2752 D
4139 1697 D
6163 1463 D
1032 2065 D
5592 3033 D
2659 2162 D
4602 2800 D
3902 2033 D
6714 1614 D
5349 2204 D
1900 2006 D
2612 2434 D
2687 2063 D
6340 1063 D
1999 1938 D
2545 2724 D
1532 2602 D
6376 1915 D
2429 758 D
1628 1965 D
4602 1763 D
4380 2936 D
842 1902 D
3774 2189 D
5512 620 D
4866 3247 D
3630 911 D
1558 1785 D
5941 1246 D
3143 607 D
5081 3195 D
5295 1982 D
6228 2509 D
5932 1900 D
1194 1201 D
4402 1408 D
6720 2346 D
4074 809 D
6939 1687 D
4378 425 D
2694 2391 D
3126 1155 D
4543 1939 D
stroke
grestore
end
showpage
%%Page: 2 2
gnudict begin
gsave
50 50 translate
0.100 0.100 scale
90 rotate
0 -3427 translate
0 setgray
/Helvetica findfont 140 scalefont setfont
newpath
stroke
grestore
end
showpage
%%Trailer
%%Pages: 2
