%!PS-Adobe-2.0
%%Creator: gnuplot
%%DocumentFonts: Helvetica
%%BoundingBox: 50 50 554 770
%%Pages: (atend)
%%EndComments
/gnudict 40 dict def
gnudict begin
/Color false def
/Solid false def
/gnulinewidth 5.000 def
/vshift -46 def
/dl {10 mul} def
/hpt 31.5 def
/vpt 31.5 def
/M {moveto} bind def
/L {lineto} bind def
/R {rmoveto} bind def
/V {rlineto} bind def
/vpt2 vpt 2 mul def
/hpt2 hpt 2 mul def
/Lshow { currentpoint stroke M
  0 vshift R show } def
/Rshow { currentpoint stroke M
  dup stringwidth pop neg vshift R show } def
/Cshow { currentpoint stroke M
  dup stringwidth pop -2 div vshift R show } def
/DL { Color {setrgbcolor Solid {pop []} if 0 setdash }
 {pop pop pop Solid {pop []} if 0 setdash} ifelse } def
/BL { stroke gnulinewidth 2 mul setlinewidth } def
/AL { stroke gnulinewidth 2 div setlinewidth } def
/PL { stroke gnulinewidth setlinewidth } def
/LTb { BL [] 0 0 0 DL } def
/LTa { AL [1 dl 2 dl] 0 setdash 0 0 0 setrgbcolor } def
/LT0 { PL [] 0 1 0 DL } def
/LT1 { PL [4 dl 2 dl] 0 0 1 DL } def
/LT2 { PL [2 dl 3 dl] 1 0 0 DL } def
/LT3 { PL [1 dl 1.5 dl] 1 0 1 DL } def
/LT4 { PL [5 dl 2 dl 1 dl 2 dl] 0 1 1 DL } def
/LT5 { PL [4 dl 3 dl 1 dl 3 dl] 1 1 0 DL } def
/LT6 { PL [2 dl 2 dl 2 dl 4 dl] 0 0 0 DL } def
/LT7 { PL [2 dl 2 dl 2 dl 2 dl 2 dl 4 dl] 1 0.3 0 DL } def
/LT8 { PL [2 dl 2 dl 2 dl 2 dl 2 dl 2 dl 2 dl 4 dl] 0.5 0.5 0.5 DL } def
/P { stroke [] 0 setdash
  currentlinewidth 2 div sub M
  0 currentlinewidth V stroke } def
/D { stroke [] 0 setdash 2 copy vpt add M
  hpt neg vpt neg V hpt vpt neg V
  hpt vpt V hpt neg vpt V closepath stroke
  P } def
/A { stroke [] 0 setdash vpt sub M 0 vpt2 V
  currentpoint stroke M
  hpt neg vpt neg R hpt2 0 V stroke
  } def
/B { stroke [] 0 setdash 2 copy exch hpt sub exch vpt add M
  0 vpt2 neg V hpt2 0 V 0 vpt2 V
  hpt2 neg 0 V closepath stroke
  P } def
/C { stroke [] 0 setdash exch hpt sub exch vpt add M
  hpt2 vpt2 neg V currentpoint stroke M
  hpt2 neg 0 R hpt2 vpt2 V stroke } def
/T { stroke [] 0 setdash 2 copy vpt 1.12 mul add M
  hpt neg vpt -1.62 mul V
  hpt 2 mul 0 V
  hpt neg vpt 1.62 mul V closepath stroke
  P  } def
/S { 2 copy A C} def
end
%%EndProlog
%%Page: 1 1
gnudict begin
gsave
50 50 translate
0.100 0.100 scale
90 rotate
0 -5040 translate
0 setgray
/Helvetica findfont 140 scalefont setfont
newpath
LTa
840 2660 M
6129 0 V
3905 351 M
0 4618 V
LTb
840 487 M
63 0 V
6066 0 R
-63 0 V
756 487 M
(-8) Rshow
840 1030 M
63 0 V
6066 0 R
-63 0 V
-6150 0 R
(-6) Rshow
840 1573 M
63 0 V
6066 0 R
-63 0 V
-6150 0 R
(-4) Rshow
840 2117 M
63 0 V
6066 0 R
-63 0 V
-6150 0 R
(-2) Rshow
840 2660 M
63 0 V
6066 0 R
-63 0 V
-6150 0 R
(0) Rshow
840 3203 M
63 0 V
6066 0 R
-63 0 V
-6150 0 R
(2) Rshow
840 3747 M
63 0 V
6066 0 R
-63 0 V
-6150 0 R
(4) Rshow
840 4290 M
63 0 V
6066 0 R
-63 0 V
-6150 0 R
(6) Rshow
840 4833 M
63 0 V
6066 0 R
-63 0 V
-6150 0 R
(8) Rshow
1107 351 M
0 63 V
0 4555 R
0 -63 V
0 -4695 R
(-2) Cshow
1806 351 M
0 63 V
0 4555 R
0 -63 V
0 -4695 R
(-1.5) Cshow
2506 351 M
0 63 V
0 4555 R
0 -63 V
0 -4695 R
(-1) Cshow
3205 351 M
0 63 V
0 4555 R
0 -63 V
0 -4695 R
(-0.5) Cshow
3905 351 M
0 63 V
0 4555 R
0 -63 V
0 -4695 R
(0) Cshow
4604 351 M
0 63 V
0 4555 R
0 -63 V
0 -4695 R
(0.5) Cshow
5303 351 M
0 63 V
0 4555 R
0 -63 V
0 -4695 R
(1) Cshow
6003 351 M
0 63 V
0 4555 R
0 -63 V
0 -4695 R
(1.5) Cshow
6702 351 M
0 63 V
0 4555 R
0 -63 V
0 -4695 R
(2) Cshow
840 351 M
6129 0 V
0 4618 V
-6129 0 V
840 351 L
140 2660 M
currentpoint gsave translate 90 rotate 0 0 M
(Y  SCALE) Cshow
grestore
3904 71 M
(X  SCALE) Cshow
LT0
2452 2448 D
3027 2395 D
3347 2395 D
3568 2448 D
3745 2542 D
3904 2660 D
4064 2778 D
4241 2872 D
4462 2925 D
4782 2925 D
5357 2872 D
LT1
2296 351 M
6 147 V
7 146 V
6 139 V
6 131 V
7 125 V
6 119 V
7 113 V
6 106 V
7 101 V
6 95 V
7 90 V
6 85 V
6 80 V
7 76 V
6 70 V
7 67 V
6 62 V
7 59 V
6 54 V
6 51 V
7 47 V
6 44 V
7 41 V
6 38 V
7 35 V
6 32 V
6 30 V
7 27 V
6 25 V
7 22 V
6 20 V
7 18 V
6 17 V
7 14 V
6 13 V
6 11 V
7 9 V
6 9 V
7 6 V
6 6 V
7 4 V
6 3 V
6 2 V
7 1 V
6 1 V
7 -1 V
6 -2 V
7 -2 V
6 -3 V
6 -3 V
7 -4 V
6 -5 V
7 -5 V
6 -5 V
7 -6 V
6 -6 V
7 -6 V
6 -7 V
6 -7 V
7 -7 V
6 -8 V
7 -7 V
6 -8 V
7 -7 V
6 -8 V
6 -8 V
7 -8 V
6 -7 V
7 -8 V
6 -8 V
7 -8 V
6 -7 V
6 -8 V
7 -7 V
6 -7 V
7 -8 V
6 -7 V
7 -7 V
6 -7 V
7 -6 V
6 -7 V
6 -6 V
7 -6 V
6 -6 V
7 -6 V
6 -6 V
7 -5 V
6 -6 V
6 -5 V
7 -5 V
6 -5 V
7 -4 V
6 -5 V
7 -4 V
6 -4 V
6 -4 V
7 -4 V
6 -3 V
7 -4 V
6 -3 V
7 -3 V
6 -3 V
7 -3 V
6 -3 V
6 -2 V
7 -3 V
6 -2 V
7 -2 V
6 -2 V
7 -2 V
6 -2 V
6 -1 V
7 -2 V
6 -1 V
7 -2 V
6 -1 V
7 -1 V
6 -1 V
7 -1 V
6 -1 V
6 0 V
7 -1 V
6 -1 V
7 0 V
6 -1 V
7 0 V
6 -1 V
6 0 V
7 0 V
6 0 V
7 -1 V
6 0 V
7 0 V
6 0 V
6 0 V
7 0 V
6 0 V
7 0 V
6 1 V
7 0 V
6 0 V
7 0 V
6 1 V
6 0 V
7 0 V
6 0 V
7 1 V
6 0 V
7 1 V
6 0 V
6 1 V
7 0 V
6 1 V
7 0 V
6 1 V
7 0 V
6 1 V
6 0 V
7 1 V
6 1 V
7 0 V
6 1 V
7 1 V
6 1 V
7 1 V
6 0 V
6 1 V
7 1 V
6 1 V
7 1 V
6 1 V
7 1 V
6 1 V
6 1 V
7 2 V
6 1 V
7 1 V
6 1 V
7 2 V
6 1 V
6 2 V
7 1 V
6 2 V
7 1 V
6 2 V
7 2 V
6 2 V
7 1 V
6 2 V
6 2 V
7 2 V
6 3 V
7 2 V
6 2 V
7 2 V
6 3 V
6 2 V
7 2 V
6 3 V
7 3 V
6 2 V
7 3 V
6 3 V
6 3 V
7 3 V
6 3 V
7 3 V
6 3 V
7 3 V
6 4 V
7 3 V
6 4 V
6 3 V
7 4 V
6 3 V
7 4 V
6 4 V
7 4 V
6 4 V
6 4 V
7 4 V
6 4 V
7 4 V
6 4 V
7 4 V
6 5 V
6 4 V
7 4 V
6 5 V
7 4 V
6 5 V
7 4 V
6 5 V
7 5 V
6 4 V
6 5 V
7 5 V
6 5 V
7 5 V
6 5 V
7 4 V
6 5 V
6 5 V
7 5 V
6 5 V
7 5 V
6 5 V
7 5 V
6 5 V
7 5 V
6 5 V
6 5 V
7 5 V
6 5 V
7 5 V
6 5 V
7 5 V
6 5 V
6 5 V
7 4 V
6 5 V
7 5 V
6 5 V
7 5 V
6 5 V
6 4 V
7 5 V
6 5 V
7 4 V
6 5 V
7 4 V
6 5 V
7 4 V
6 4 V
6 5 V
7 4 V
6 4 V
7 4 V
6 4 V
7 4 V
6 4 V
6 4 V
7 4 V
6 4 V
7 4 V
6 3 V
7 4 V
6 3 V
6 4 V
7 3 V
6 4 V
7 3 V
6 3 V
7 3 V
6 3 V
7 3 V
6 3 V
6 3 V
7 3 V
6 2 V
7 3 V
6 3 V
7 2 V
6 2 V
6 3 V
7 2 V
6 2 V
7 2 V
6 3 V
7 2 V
6 2 V
6 2 V
7 1 V
6 2 V
7 2 V
6 2 V
7 1 V
6 2 V
7 1 V
6 2 V
6 1 V
7 2 V
6 1 V
7 1 V
6 1 V
7 2 V
6 1 V
6 1 V
7 1 V
6 1 V
7 1 V
6 1 V
7 1 V
6 1 V
6 0 V
7 1 V
6 1 V
7 1 V
6 1 V
7 0 V
6 1 V
7 1 V
6 0 V
6 1 V
7 0 V
6 1 V
7 0 V
6 1 V
7 0 V
6 1 V
6 0 V
7 1 V
6 0 V
7 1 V
6 0 V
7 0 V
6 0 V
6 1 V
7 0 V
6 0 V
7 0 V
6 1 V
7 0 V
6 0 V
7 0 V
6 0 V
6 0 V
7 0 V
6 0 V
7 -1 V
6 0 V
7 0 V
6 0 V
6 -1 V
7 0 V
6 -1 V
7 0 V
6 -1 V
7 -1 V
6 0 V
6 -1 V
7 -1 V
6 -1 V
7 -1 V
6 -1 V
7 -2 V
6 -1 V
7 -2 V
6 -1 V
6 -2 V
7 -2 V
6 -2 V
7 -2 V
6 -2 V
7 -3 V
6 -2 V
6 -3 V
7 -3 V
6 -3 V
currentpoint stroke M
7 -3 V
6 -3 V
7 -4 V
6 -3 V
7 -4 V
6 -4 V
6 -4 V
7 -4 V
6 -5 V
7 -4 V
6 -5 V
7 -5 V
6 -5 V
6 -6 V
7 -5 V
6 -6 V
7 -6 V
6 -6 V
7 -6 V
6 -6 V
6 -7 V
7 -7 V
6 -6 V
7 -7 V
6 -7 V
7 -8 V
6 -7 V
7 -7 V
6 -8 V
6 -8 V
7 -7 V
6 -8 V
7 -8 V
6 -7 V
7 -8 V
6 -8 V
6 -8 V
7 -7 V
6 -8 V
7 -7 V
6 -8 V
7 -7 V
6 -7 V
6 -7 V
7 -6 V
6 -6 V
7 -6 V
6 -6 V
7 -5 V
6 -4 V
7 -4 V
6 -4 V
6 -2 V
7 -3 V
6 -1 V
7 -1 V
6 1 V
7 1 V
6 2 V
6 3 V
7 4 V
6 6 V
7 6 V
6 8 V
7 10 V
6 11 V
6 13 V
7 14 V
6 17 V
7 18 V
6 20 V
7 22 V
6 25 V
7 27 V
6 30 V
6 32 V
7 35 V
6 38 V
7 41 V
6 44 V
7 47 V
6 51 V
6 55 V
7 58 V
6 62 V
7 67 V
6 71 V
7 75 V
6 80 V
6 85 V
7 90 V
6 95 V
7 101 V
6 107 V
7 112 V
6 119 V
7 125 V
6 132 V
6 139 V
7 145 V
6 147 V
LT0
840 2542 M
6 0 V
6 0 V
6 -1 V
7 0 V
6 0 V
6 0 V
6 -1 V
6 0 V
6 0 V
6 0 V
6 -1 V
7 0 V
6 0 V
6 0 V
6 -1 V
6 0 V
6 0 V
6 0 V
6 -1 V
7 0 V
6 0 V
6 0 V
6 -1 V
6 0 V
6 0 V
6 0 V
6 -1 V
7 0 V
6 0 V
6 0 V
6 -1 V
6 0 V
6 0 V
6 0 V
7 -1 V
6 0 V
6 0 V
6 0 V
6 -1 V
6 0 V
6 0 V
6 -1 V
7 0 V
6 0 V
6 0 V
6 -1 V
6 0 V
6 0 V
6 0 V
6 -1 V
7 0 V
6 0 V
6 0 V
6 -1 V
6 0 V
6 0 V
6 0 V
6 -1 V
7 0 V
6 0 V
6 -1 V
6 0 V
6 0 V
6 0 V
6 -1 V
7 0 V
6 0 V
6 0 V
6 -1 V
6 0 V
6 0 V
6 -1 V
6 0 V
7 0 V
6 0 V
6 -1 V
6 0 V
6 0 V
6 0 V
6 -1 V
6 0 V
7 0 V
6 -1 V
6 0 V
6 0 V
6 0 V
6 -1 V
6 0 V
6 0 V
7 -1 V
6 0 V
6 0 V
6 0 V
6 -1 V
6 0 V
6 0 V
7 -1 V
6 0 V
6 0 V
6 -1 V
6 0 V
6 0 V
6 0 V
6 -1 V
7 0 V
6 0 V
6 -1 V
6 0 V
6 0 V
6 -1 V
6 0 V
6 0 V
7 0 V
6 -1 V
6 0 V
6 0 V
6 -1 V
6 0 V
6 0 V
6 -1 V
7 0 V
6 0 V
6 -1 V
6 0 V
6 0 V
6 -1 V
6 0 V
7 0 V
6 -1 V
6 0 V
6 0 V
6 -1 V
6 0 V
6 0 V
6 -1 V
7 0 V
6 0 V
6 -1 V
6 0 V
6 0 V
6 -1 V
6 0 V
6 0 V
7 -1 V
6 0 V
6 0 V
6 -1 V
6 0 V
6 0 V
6 -1 V
6 0 V
7 -1 V
6 0 V
6 0 V
6 -1 V
6 0 V
6 0 V
6 -1 V
7 0 V
6 0 V
6 -1 V
6 0 V
6 -1 V
6 0 V
6 0 V
6 -1 V
7 0 V
6 0 V
6 -1 V
6 0 V
6 -1 V
6 0 V
6 0 V
6 -1 V
7 0 V
6 -1 V
6 0 V
6 0 V
6 -1 V
6 0 V
6 -1 V
6 0 V
7 0 V
6 -1 V
6 0 V
6 -1 V
6 0 V
6 0 V
6 -1 V
7 0 V
6 -1 V
6 0 V
6 -1 V
6 0 V
6 0 V
6 -1 V
6 0 V
7 -1 V
6 0 V
6 -1 V
6 0 V
6 0 V
6 -1 V
6 0 V
6 -1 V
7 0 V
6 -1 V
6 0 V
6 -1 V
6 0 V
6 -1 V
6 0 V
6 0 V
7 -1 V
6 0 V
6 -1 V
6 0 V
6 -1 V
6 0 V
6 -1 V
7 0 V
6 -1 V
6 0 V
6 -1 V
6 0 V
6 -1 V
6 0 V
6 -1 V
7 0 V
6 -1 V
6 0 V
6 -1 V
6 0 V
6 -1 V
6 0 V
6 -1 V
7 0 V
6 -1 V
6 0 V
6 -1 V
6 0 V
6 -1 V
6 0 V
6 -1 V
7 0 V
6 -1 V
6 0 V
6 -1 V
6 -1 V
6 0 V
6 -1 V
7 0 V
6 -1 V
6 0 V
6 -1 V
6 0 V
6 -1 V
6 -1 V
6 0 V
7 -1 V
6 0 V
6 -1 V
6 0 V
6 -1 V
6 -1 V
6 0 V
6 -1 V
7 0 V
6 -1 V
6 0 V
6 -1 V
6 -1 V
6 0 V
6 -1 V
6 0 V
7 -1 V
6 -1 V
6 0 V
6 -1 V
6 0 V
6 -1 V
6 -1 V
7 0 V
6 -1 V
6 0 V
6 -1 V
6 -1 V
6 0 V
6 -1 V
6 -1 V
7 0 V
6 -1 V
6 0 V
6 -1 V
6 -1 V
6 0 V
6 -1 V
6 0 V
7 -1 V
6 -1 V
6 0 V
6 -1 V
6 0 V
6 -1 V
6 -1 V
6 0 V
7 -1 V
6 0 V
6 -1 V
6 -1 V
6 0 V
6 -1 V
6 0 V
7 -1 V
6 -1 V
6 0 V
6 -1 V
6 0 V
6 -1 V
6 0 V
6 -1 V
7 -1 V
6 0 V
6 -1 V
6 0 V
6 -1 V
6 0 V
6 -1 V
6 0 V
7 -1 V
6 0 V
6 -1 V
6 -1 V
6 0 V
6 -1 V
6 0 V
6 -1 V
7 0 V
6 -1 V
6 0 V
6 -1 V
6 0 V
6 -1 V
6 0 V
7 -1 V
6 0 V
6 -1 V
6 0 V
6 0 V
6 -1 V
6 0 V
6 -1 V
7 0 V
6 -1 V
6 0 V
6 0 V
6 -1 V
6 0 V
6 -1 V
6 0 V
7 0 V
6 -1 V
6 0 V
6 -1 V
6 0 V
6 0 V
6 -1 V
6 0 V
7 0 V
6 0 V
6 -1 V
6 0 V
6 0 V
6 0 V
6 -1 V
7 0 V
6 0 V
6 0 V
6 0 V
6 -1 V
6 0 V
6 0 V
6 0 V
7 0 V
6 0 V
6 0 V
6 0 V
6 0 V
6 0 V
6 0 V
6 0 V
7 1 V
6 0 V
6 0 V
6 0 V
6 0 V
6 1 V
6 0 V
6 0 V
currentpoint stroke M
7 1 V
6 0 V
6 0 V
6 1 V
6 0 V
6 1 V
6 0 V
7 1 V
6 1 V
6 0 V
6 1 V
6 1 V
6 0 V
6 1 V
6 1 V
7 1 V
6 1 V
6 1 V
6 1 V
6 1 V
6 1 V
6 1 V
6 1 V
7 1 V
6 1 V
6 2 V
6 1 V
6 1 V
6 2 V
6 1 V
6 2 V
7 2 V
6 1 V
6 2 V
6 2 V
6 1 V
6 2 V
6 2 V
7 2 V
6 2 V
6 2 V
6 2 V
6 3 V
6 2 V
6 2 V
6 3 V
7 2 V
6 2 V
6 3 V
6 3 V
6 2 V
6 3 V
6 3 V
6 3 V
7 3 V
6 3 V
6 3 V
6 3 V
6 3 V
6 3 V
6 4 V
6 3 V
7 3 V
6 4 V
6 3 V
6 4 V
6 3 V
6 4 V
6 4 V
7 4 V
6 3 V
6 4 V
6 4 V
6 4 V
6 4 V
6 4 V
6 5 V
7 4 V
6 4 V
6 4 V
6 5 V
6 4 V
6 4 V
6 5 V
6 4 V
7 5 V
6 4 V
6 5 V
6 5 V
6 4 V
6 5 V
6 4 V
6 5 V
7 5 V
6 5 V
6 4 V
6 5 V
6 5 V
6 5 V
6 4 V
7 5 V
6 5 V
6 4 V
6 5 V
6 5 V
6 5 V
6 4 V
6 5 V
7 5 V
6 5 V
6 4 V
6 5 V
6 4 V
6 5 V
6 5 V
6 4 V
7 5 V
6 4 V
6 5 V
6 4 V
6 4 V
6 5 V
6 4 V
6 4 V
7 4 V
6 5 V
6 4 V
6 4 V
6 4 V
6 4 V
6 4 V
6 3 V
7 4 V
6 4 V
6 4 V
6 3 V
6 4 V
6 3 V
6 4 V
7 3 V
6 3 V
6 4 V
6 3 V
6 3 V
6 3 V
6 3 V
6 3 V
7 3 V
6 3 V
6 3 V
6 3 V
6 2 V
6 3 V
6 3 V
6 2 V
7 2 V
6 3 V
6 2 V
6 2 V
6 3 V
6 2 V
6 2 V
6 2 V
7 2 V
6 2 V
6 2 V
6 1 V
6 2 V
6 2 V
6 1 V
7 2 V
6 2 V
6 1 V
6 2 V
6 1 V
6 1 V
6 2 V
6 1 V
7 1 V
6 1 V
6 1 V
6 1 V
6 1 V
6 1 V
6 1 V
6 1 V
7 1 V
6 1 V
6 1 V
6 0 V
6 1 V
6 1 V
6 0 V
6 1 V
7 1 V
6 0 V
6 1 V
6 0 V
6 1 V
6 0 V
6 0 V
7 1 V
6 0 V
6 0 V
6 1 V
6 0 V
6 0 V
6 0 V
6 0 V
7 1 V
6 0 V
6 0 V
6 0 V
6 0 V
6 0 V
6 0 V
6 0 V
7 0 V
6 0 V
6 0 V
6 0 V
6 -1 V
6 0 V
6 0 V
6 0 V
7 0 V
6 -1 V
6 0 V
6 0 V
6 0 V
6 -1 V
6 0 V
7 0 V
6 0 V
6 -1 V
6 0 V
6 0 V
6 -1 V
6 0 V
6 -1 V
7 0 V
6 0 V
6 -1 V
6 0 V
6 -1 V
6 0 V
6 0 V
6 -1 V
7 0 V
6 -1 V
6 0 V
6 -1 V
6 0 V
6 0 V
6 -1 V
6 0 V
7 -1 V
6 0 V
6 -1 V
6 0 V
6 -1 V
6 0 V
6 -1 V
7 0 V
6 -1 V
6 0 V
6 -1 V
6 0 V
6 -1 V
6 -1 V
6 0 V
7 -1 V
6 0 V
6 -1 V
6 0 V
6 -1 V
6 0 V
6 -1 V
6 0 V
7 -1 V
6 -1 V
6 0 V
6 -1 V
6 0 V
6 -1 V
6 0 V
6 -1 V
7 -1 V
6 0 V
6 -1 V
6 0 V
6 -1 V
6 -1 V
6 0 V
7 -1 V
6 0 V
6 -1 V
6 -1 V
6 0 V
6 -1 V
6 0 V
6 -1 V
7 -1 V
6 0 V
6 -1 V
6 0 V
6 -1 V
6 -1 V
6 0 V
6 -1 V
7 0 V
6 -1 V
6 -1 V
6 0 V
6 -1 V
6 -1 V
6 0 V
6 -1 V
7 0 V
6 -1 V
6 -1 V
6 0 V
6 -1 V
6 0 V
6 -1 V
7 -1 V
6 0 V
6 -1 V
6 0 V
6 -1 V
6 -1 V
6 0 V
6 -1 V
7 0 V
6 -1 V
6 0 V
6 -1 V
6 -1 V
6 0 V
6 -1 V
6 0 V
7 -1 V
6 0 V
6 -1 V
6 -1 V
6 0 V
6 -1 V
6 0 V
6 -1 V
7 0 V
6 -1 V
6 0 V
6 -1 V
6 -1 V
6 0 V
6 -1 V
7 0 V
6 -1 V
6 0 V
6 -1 V
6 0 V
6 -1 V
6 0 V
6 -1 V
7 0 V
6 -1 V
6 0 V
6 -1 V
6 0 V
6 -1 V
6 0 V
6 -1 V
7 0 V
6 -1 V
6 0 V
6 -1 V
6 0 V
6 -1 V
6 0 V
6 -1 V
7 0 V
6 -1 V
6 0 V
6 -1 V
6 0 V
6 -1 V
6 0 V
7 -1 V
6 0 V
6 0 V
6 -1 V
6 0 V
6 -1 V
6 0 V
6 -1 V
7 0 V
6 -1 V
6 0 V
6 -1 V
6 0 V
currentpoint stroke M
6 0 V
6 -1 V
6 0 V
7 -1 V
6 0 V
6 -1 V
6 0 V
6 0 V
6 -1 V
6 0 V
6 -1 V
7 0 V
6 -1 V
6 0 V
6 0 V
6 -1 V
6 0 V
6 -1 V
7 0 V
6 0 V
6 -1 V
6 0 V
6 -1 V
6 0 V
6 0 V
6 -1 V
7 0 V
6 -1 V
6 0 V
6 0 V
6 -1 V
6 0 V
6 -1 V
6 0 V
7 0 V
6 -1 V
6 0 V
6 0 V
6 -1 V
6 0 V
6 -1 V
6 0 V
7 0 V
6 -1 V
6 0 V
6 0 V
6 -1 V
6 0 V
6 0 V
7 -1 V
6 0 V
6 -1 V
6 0 V
6 0 V
6 -1 V
6 0 V
6 0 V
7 -1 V
6 0 V
6 0 V
6 -1 V
6 0 V
6 0 V
6 -1 V
6 0 V
7 0 V
6 -1 V
6 0 V
6 0 V
6 -1 V
6 0 V
6 0 V
6 -1 V
7 0 V
6 0 V
6 -1 V
6 0 V
6 0 V
6 -1 V
6 0 V
7 0 V
6 -1 V
6 0 V
6 0 V
6 -1 V
6 0 V
6 0 V
6 -1 V
7 0 V
6 0 V
6 0 V
6 -1 V
6 0 V
6 0 V
6 -1 V
6 0 V
7 0 V
6 -1 V
6 0 V
6 0 V
6 0 V
6 -1 V
6 0 V
6 0 V
7 -1 V
6 0 V
6 0 V
6 -1 V
6 0 V
6 0 V
6 0 V
7 -1 V
6 0 V
6 0 V
6 -1 V
6 0 V
6 0 V
6 0 V
6 -1 V
7 0 V
6 0 V
6 -1 V
6 0 V
6 0 V
6 0 V
6 -1 V
6 0 V
7 0 V
6 0 V
6 -1 V
6 0 V
6 0 V
6 -1 V
6 0 V
6 0 V
7 0 V
6 -1 V
6 0 V
6 0 V
6 0 V
6 -1 V
6 0 V
7 0 V
6 -1 V
6 0 V
6 0 V
6 0 V
6 -1 V
6 0 V
6 0 V
7 0 V
6 -1 V
6 0 V
6 0 V
6 0 V
6 -1 V
6 0 V
6 0 V
7 0 V
6 -1 V
6 0 V
6 0 V
6 -1 V
6 0 V
6 0 V
6 0 V
7 -1 V
6 0 V
6 0 V
6 0 V
6 -1 V
6 0 V
6 0 V
7 0 V
6 -1 V
6 0 V
6 0 V
6 0 V
6 -1 V
6 0 V
6 0 V
7 0 V
6 -1 V
6 0 V
6 0 V
6 0 V
6 -1 V
6 0 V
6 0 V
7 0 V
6 -1 V
6 0 V
6 0 V
6 0 V
6 -1 V
6 0 V
6 0 V
7 0 V
6 -1 V
6 0 V
6 0 V
stroke
grestore
end
showpage
%%Page: 2 2
gnudict begin
gsave
50 50 translate
0.100 0.100 scale
90 rotate
0 -5040 translate
0 setgray
/Helvetica findfont 140 scalefont setfont
newpath
stroke
grestore
end
showpage
%%Trailer
%%Pages: 2
