%!PS-Adobe-2.0
%%Creator: gnuplot
%%DocumentFonts: Helvetica
%%BoundingBox: 50 50 554 770
%%Pages: (atend)
%%EndComments
/gnudict 40 dict def
gnudict begin
/Color false def
/Solid false def
/gnulinewidth 5.000 def
/vshift -46 def
/dl {10 mul} def
/hpt 31.5 def
/vpt 31.5 def
/M {moveto} bind def
/L {lineto} bind def
/R {rmoveto} bind def
/V {rlineto} bind def
/vpt2 vpt 2 mul def
/hpt2 hpt 2 mul def
/Lshow { currentpoint stroke M
  0 vshift R show } def
/Rshow { currentpoint stroke M
  dup stringwidth pop neg vshift R show } def
/Cshow { currentpoint stroke M
  dup stringwidth pop -2 div vshift R show } def
/DL { Color {setrgbcolor Solid {pop []} if 0 setdash }
 {pop pop pop Solid {pop []} if 0 setdash} ifelse } def
/BL { stroke gnulinewidth 2 mul setlinewidth } def
/AL { stroke gnulinewidth 2 div setlinewidth } def
/PL { stroke gnulinewidth setlinewidth } def
/LTb { BL [] 0 0 0 DL } def
/LTa { AL [1 dl 2 dl] 0 setdash 0 0 0 setrgbcolor } def
/LT0 { PL [] 0 1 0 DL } def
/LT1 { PL [4 dl 2 dl] 0 0 1 DL } def
/LT2 { PL [2 dl 3 dl] 1 0 0 DL } def
/LT3 { PL [1 dl 1.5 dl] 1 0 1 DL } def
/LT4 { PL [5 dl 2 dl 1 dl 2 dl] 0 1 1 DL } def
/LT5 { PL [4 dl 3 dl 1 dl 3 dl] 1 1 0 DL } def
/LT6 { PL [2 dl 2 dl 2 dl 4 dl] 0 0 0 DL } def
/LT7 { PL [2 dl 2 dl 2 dl 2 dl 2 dl 4 dl] 1 0.3 0 DL } def
/LT8 { PL [2 dl 2 dl 2 dl 2 dl 2 dl 2 dl 2 dl 4 dl] 0.5 0.5 0.5 DL } def
/P { stroke [] 0 setdash
  currentlinewidth 2 div sub M
  0 currentlinewidth V stroke } def
/D { stroke [] 0 setdash 2 copy vpt add M
  hpt neg vpt neg V hpt vpt neg V
  hpt vpt V hpt neg vpt V closepath stroke
  P } def
/A { stroke [] 0 setdash vpt sub M 0 vpt2 V
  currentpoint stroke M
  hpt neg vpt neg R hpt2 0 V stroke
  } def
/B { stroke [] 0 setdash 2 copy exch hpt sub exch vpt add M
  0 vpt2 neg V hpt2 0 V 0 vpt2 V
  hpt2 neg 0 V closepath stroke
  P } def
/C { stroke [] 0 setdash exch hpt sub exch vpt add M
  hpt2 vpt2 neg V currentpoint stroke M
  hpt2 neg 0 R hpt2 vpt2 V stroke } def
/T { stroke [] 0 setdash 2 copy vpt 1.12 mul add M
  hpt neg vpt -1.62 mul V
  hpt 2 mul 0 V
  hpt neg vpt 1.62 mul V closepath stroke
  P  } def
/S { 2 copy A C} def
end
%%EndProlog
%%Page: 1 1
gnudict begin
gsave
50 50 translate
0.100 0.100 scale
90 rotate
0 -5040 translate
0 setgray
/Helvetica findfont 140 scalefont setfont
newpath
LTa
840 2660 M
6129 0 V
840 351 M
0 4618 V
LTb
840 351 M
63 0 V
6066 0 R
-63 0 V
756 351 M
(-2) Rshow
840 928 M
63 0 V
6066 0 R
-63 0 V
756 928 M
(-1.5) Rshow
840 1506 M
63 0 V
6066 0 R
-63 0 V
-6150 0 R
(-1) Rshow
840 2083 M
63 0 V
6066 0 R
-63 0 V
-6150 0 R
(-0.5) Rshow
840 2660 M
63 0 V
6066 0 R
-63 0 V
-6150 0 R
(0) Rshow
840 3237 M
63 0 V
6066 0 R
-63 0 V
-6150 0 R
(0.5) Rshow
840 3815 M
63 0 V
6066 0 R
-63 0 V
-6150 0 R
(1) Rshow
840 4392 M
63 0 V
6066 0 R
-63 0 V
-6150 0 R
(1.5) Rshow
840 4969 M
63 0 V
6066 0 R
-63 0 V
-6150 0 R
(2) Rshow
840 351 M
0 63 V
0 4555 R
0 -63 V
840 211 M
(0) Cshow
1606 351 M
0 63 V
0 4555 R
0 -63 V
0 -4695 R
(1) Cshow
2372 351 M
0 63 V
0 4555 R
0 -63 V
0 -4695 R
(2) Cshow
3138 351 M
0 63 V
0 4555 R
0 -63 V
0 -4695 R
(3) Cshow
3905 351 M
0 63 V
0 4555 R
0 -63 V
0 -4695 R
(4) Cshow
4671 351 M
0 63 V
0 4555 R
0 -63 V
0 -4695 R
(5) Cshow
5437 351 M
0 63 V
0 4555 R
0 -63 V
0 -4695 R
(6) Cshow
6203 351 M
0 63 V
0 4555 R
0 -63 V
0 -4695 R
(7) Cshow
6969 351 M
0 63 V
0 4555 R
0 -63 V
0 -4695 R
(8) Cshow
840 351 M
6129 0 V
0 4618 V
-6129 0 V
840 351 L
140 2660 M
currentpoint gsave translate 90 rotate 0 0 M
(Y  SCALE) Cshow
grestore
3904 71 M
(X  SCALE) Cshow
LT0
840 1736 D
1300 2267 D
1989 3341 D
2142 3341 D
2296 2926 D
2449 2775 D
2602 2983 D
2832 3849 D
2985 4392 D
3138 4322 D
3598 3514 D
4441 1713 D
4824 1194 D
5207 1598 D
5284 1598 D
5437 1459 D
5743 1748 D
6126 2591 D
6663 3815 D
6969 2660 D
LT0
840 1736 M
6 6 V
6 7 V
6 6 V
7 6 V
6 6 V
6 6 V
6 6 V
6 6 V
6 6 V
6 6 V
6 7 V
7 6 V
6 6 V
6 6 V
6 6 V
6 7 V
6 6 V
6 6 V
7 6 V
6 7 V
6 6 V
6 6 V
6 7 V
6 6 V
6 6 V
7 7 V
6 6 V
6 7 V
6 6 V
6 7 V
6 6 V
6 7 V
6 7 V
7 6 V
6 7 V
6 7 V
6 7 V
6 7 V
6 6 V
6 7 V
7 7 V
6 7 V
6 7 V
6 7 V
6 8 V
6 7 V
6 7 V
6 7 V
7 8 V
6 7 V
6 8 V
6 7 V
6 8 V
6 7 V
6 8 V
7 8 V
6 7 V
6 8 V
6 8 V
6 8 V
6 8 V
6 8 V
7 8 V
6 9 V
6 8 V
6 8 V
6 9 V
6 8 V
6 9 V
6 9 V
7 8 V
6 9 V
6 9 V
6 9 V
6 9 V
6 9 V
6 9 V
7 10 V
6 9 V
6 10 V
6 9 V
6 10 V
6 9 V
6 10 V
6 10 V
7 10 V
6 9 V
6 10 V
6 10 V
6 10 V
6 11 V
6 10 V
7 10 V
6 10 V
6 10 V
6 11 V
6 10 V
6 11 V
6 10 V
7 11 V
6 10 V
6 11 V
6 10 V
6 11 V
6 10 V
6 11 V
6 11 V
7 10 V
6 11 V
6 11 V
6 10 V
6 11 V
6 11 V
6 11 V
7 10 V
6 11 V
6 11 V
6 11 V
6 10 V
6 11 V
6 11 V
6 11 V
7 10 V
6 11 V
6 11 V
6 11 V
6 10 V
6 11 V
6 11 V
7 10 V
6 11 V
6 10 V
6 11 V
6 10 V
6 11 V
6 10 V
7 11 V
6 10 V
6 10 V
6 10 V
6 11 V
6 10 V
6 10 V
6 10 V
7 10 V
6 10 V
6 10 V
6 10 V
6 10 V
6 9 V
6 10 V
7 10 V
6 9 V
6 10 V
6 9 V
6 9 V
6 10 V
6 9 V
6 9 V
7 9 V
6 9 V
6 9 V
6 8 V
6 9 V
6 9 V
6 8 V
7 8 V
6 9 V
6 8 V
6 8 V
6 8 V
6 8 V
6 8 V
7 7 V
6 8 V
6 7 V
6 8 V
6 7 V
6 7 V
6 7 V
6 7 V
7 7 V
6 6 V
6 7 V
6 6 V
6 6 V
6 6 V
6 6 V
7 6 V
6 6 V
6 5 V
6 5 V
6 5 V
6 4 V
6 4 V
6 3 V
7 3 V
6 3 V
6 2 V
6 1 V
6 1 V
6 0 V
6 -1 V
7 -2 V
6 -2 V
6 -4 V
6 -4 V
6 -5 V
6 -6 V
6 -7 V
7 -9 V
6 -9 V
6 -10 V
6 -12 V
6 -13 V
6 -13 V
6 -15 V
6 -15 V
7 -16 V
6 -17 V
6 -17 V
6 -18 V
6 -18 V
6 -18 V
6 -19 V
7 -18 V
6 -19 V
6 -19 V
6 -19 V
6 -19 V
6 -18 V
6 -18 V
6 -18 V
7 -17 V
6 -17 V
6 -16 V
6 -16 V
6 -14 V
6 -14 V
6 -13 V
7 -12 V
6 -12 V
6 -11 V
6 -10 V
6 -9 V
6 -9 V
6 -8 V
7 -7 V
6 -6 V
6 -6 V
6 -5 V
6 -5 V
6 -4 V
6 -3 V
6 -3 V
7 -2 V
6 -2 V
6 -1 V
6 0 V
6 0 V
6 1 V
6 1 V
7 2 V
6 2 V
6 3 V
6 3 V
6 4 V
6 4 V
6 5 V
6 5 V
7 6 V
6 7 V
6 7 V
6 7 V
6 9 V
6 8 V
6 9 V
7 10 V
6 11 V
6 10 V
6 12 V
6 12 V
6 13 V
6 13 V
7 14 V
6 14 V
6 15 V
6 16 V
6 16 V
6 16 V
6 18 V
6 17 V
7 19 V
6 19 V
6 19 V
6 20 V
6 20 V
6 21 V
6 21 V
7 22 V
6 22 V
6 22 V
6 23 V
6 23 V
6 23 V
6 24 V
6 24 V
7 25 V
6 24 V
6 25 V
6 26 V
6 25 V
6 26 V
6 26 V
7 26 V
6 27 V
6 26 V
6 27 V
6 27 V
6 27 V
6 27 V
7 27 V
6 27 V
6 28 V
6 27 V
6 28 V
6 27 V
6 27 V
6 27 V
7 27 V
6 27 V
6 26 V
6 26 V
6 26 V
6 25 V
6 24 V
7 24 V
6 23 V
6 22 V
6 22 V
6 21 V
6 19 V
6 19 V
6 17 V
7 17 V
6 15 V
6 14 V
6 13 V
6 11 V
6 10 V
6 8 V
7 8 V
6 5 V
6 5 V
6 3 V
6 2 V
6 1 V
6 0 V
7 -1 V
6 -2 V
6 -3 V
6 -4 V
6 -5 V
6 -5 V
6 -6 V
6 -6 V
7 -7 V
6 -8 V
6 -8 V
6 -8 V
6 -9 V
6 -8 V
6 -10 V
7 -9 V
6 -9 V
6 -9 V
6 -10 V
6 -9 V
6 -10 V
6 -9 V
6 -10 V
7 -9 V
6 -10 V
6 -10 V
6 -9 V
6 -10 V
6 -10 V
6 -10 V
7 -10 V
6 -10 V
6 -10 V
6 -10 V
6 -10 V
6 -10 V
6 -10 V
7 -10 V
6 -10 V
6 -11 V
6 -10 V
currentpoint stroke M
6 -10 V
6 -11 V
6 -10 V
6 -11 V
7 -10 V
6 -11 V
6 -10 V
6 -11 V
6 -11 V
6 -10 V
6 -11 V
7 -11 V
6 -11 V
6 -10 V
6 -11 V
6 -11 V
6 -11 V
6 -11 V
6 -11 V
7 -11 V
6 -11 V
6 -12 V
6 -11 V
6 -11 V
6 -11 V
6 -12 V
7 -11 V
6 -11 V
6 -12 V
6 -11 V
6 -11 V
6 -12 V
6 -11 V
7 -12 V
6 -12 V
6 -11 V
6 -12 V
6 -12 V
6 -11 V
6 -12 V
6 -12 V
7 -12 V
6 -11 V
6 -12 V
6 -12 V
6 -12 V
6 -12 V
6 -12 V
7 -12 V
6 -12 V
6 -12 V
6 -12 V
6 -12 V
6 -12 V
6 -13 V
6 -12 V
7 -12 V
6 -12 V
6 -13 V
6 -12 V
6 -12 V
6 -13 V
6 -12 V
7 -12 V
6 -13 V
6 -12 V
6 -13 V
6 -12 V
6 -13 V
6 -12 V
7 -13 V
6 -13 V
6 -12 V
6 -13 V
6 -12 V
6 -13 V
6 -13 V
6 -13 V
7 -12 V
6 -13 V
6 -13 V
6 -13 V
6 -12 V
6 -13 V
6 -13 V
7 -13 V
6 -13 V
6 -13 V
6 -13 V
6 -13 V
6 -13 V
6 -13 V
6 -13 V
7 -13 V
6 -13 V
6 -13 V
6 -13 V
6 -13 V
6 -13 V
6 -13 V
7 -13 V
6 -13 V
6 -14 V
6 -13 V
6 -13 V
6 -13 V
6 -13 V
7 -14 V
6 -13 V
6 -13 V
6 -13 V
6 -13 V
6 -14 V
6 -13 V
6 -13 V
7 -14 V
6 -13 V
6 -13 V
6 -14 V
6 -13 V
6 -13 V
6 -14 V
7 -13 V
6 -13 V
6 -14 V
6 -13 V
6 -14 V
6 -13 V
6 -13 V
6 -14 V
7 -13 V
6 -14 V
6 -13 V
6 -13 V
6 -14 V
6 -13 V
6 -14 V
7 -13 V
6 -14 V
6 -13 V
6 -14 V
6 -13 V
6 -13 V
6 -14 V
7 -13 V
6 -14 V
6 -13 V
6 -14 V
6 -13 V
6 -14 V
6 -13 V
6 -14 V
7 -13 V
6 -14 V
6 -13 V
6 -14 V
6 -13 V
6 -13 V
6 -14 V
7 -13 V
6 -14 V
6 -13 V
6 -14 V
6 -13 V
6 -14 V
6 -13 V
6 -13 V
7 -14 V
6 -13 V
6 -14 V
6 -13 V
6 -13 V
6 -14 V
6 -13 V
7 -14 V
6 -13 V
6 -13 V
6 -14 V
6 -13 V
6 -13 V
6 -14 V
7 -13 V
6 -13 V
6 -14 V
6 -13 V
6 -13 V
6 -14 V
6 -13 V
6 -13 V
7 -13 V
6 -14 V
6 -13 V
6 -13 V
6 -13 V
6 -13 V
6 -13 V
7 -13 V
6 -13 V
6 -12 V
6 -13 V
6 -13 V
6 -12 V
6 -12 V
6 -13 V
7 -12 V
6 -12 V
6 -12 V
6 -11 V
6 -12 V
6 -11 V
6 -11 V
7 -11 V
6 -11 V
6 -11 V
6 -10 V
6 -11 V
6 -10 V
6 -10 V
7 -9 V
6 -10 V
6 -9 V
6 -9 V
6 -8 V
6 -9 V
6 -8 V
6 -8 V
7 -7 V
6 -8 V
6 -7 V
6 -6 V
6 -7 V
6 -6 V
6 -5 V
7 -6 V
6 -5 V
6 -5 V
6 -4 V
6 -4 V
6 -4 V
6 -3 V
6 -3 V
7 -2 V
6 -2 V
6 -2 V
6 -1 V
6 -1 V
6 -1 V
6 0 V
7 1 V
6 0 V
6 2 V
6 1 V
6 3 V
6 2 V
6 3 V
7 3 V
6 4 V
6 4 V
6 5 V
6 5 V
6 5 V
6 5 V
6 6 V
7 6 V
6 6 V
6 7 V
6 6 V
6 7 V
6 8 V
6 7 V
7 7 V
6 8 V
6 8 V
6 8 V
6 8 V
6 9 V
6 8 V
6 8 V
7 9 V
6 9 V
6 8 V
6 9 V
6 9 V
6 8 V
6 9 V
7 9 V
6 8 V
6 9 V
6 9 V
6 8 V
6 8 V
6 9 V
7 8 V
6 8 V
6 8 V
6 8 V
6 7 V
6 7 V
6 8 V
6 7 V
7 6 V
6 7 V
6 6 V
6 6 V
6 6 V
6 5 V
6 5 V
7 5 V
6 4 V
6 4 V
6 4 V
6 4 V
6 2 V
6 3 V
6 2 V
7 2 V
6 1 V
6 1 V
6 0 V
6 0 V
6 -1 V
6 -1 V
7 -1 V
6 -3 V
6 -2 V
6 -4 V
6 -3 V
6 -5 V
6 -4 V
7 -6 V
6 -5 V
6 -6 V
6 -6 V
6 -6 V
6 -7 V
6 -6 V
6 -7 V
7 -6 V
6 -7 V
6 -7 V
6 -6 V
6 -7 V
6 -6 V
6 -6 V
7 -6 V
6 -5 V
6 -5 V
6 -5 V
6 -4 V
6 -4 V
6 -3 V
6 -3 V
7 -2 V
6 -2 V
6 -1 V
6 0 V
6 0 V
6 0 V
6 1 V
7 1 V
6 1 V
6 3 V
6 2 V
6 3 V
6 3 V
6 4 V
7 4 V
6 4 V
6 5 V
6 5 V
6 6 V
6 6 V
6 6 V
6 6 V
7 7 V
6 7 V
6 7 V
6 7 V
6 8 V
6 8 V
6 8 V
7 9 V
6 8 V
6 9 V
6 9 V
6 9 V
6 10 V
6 9 V
6 10 V
7 10 V
6 9 V
6 10 V
6 10 V
6 11 V
6 10 V
6 10 V
7 11 V
6 10 V
6 10 V
6 11 V
currentpoint stroke M
6 10 V
6 11 V
6 10 V
7 11 V
6 10 V
6 11 V
6 11 V
6 10 V
6 11 V
6 11 V
6 11 V
7 10 V
6 11 V
6 11 V
6 11 V
6 12 V
6 11 V
6 11 V
7 11 V
6 12 V
6 11 V
6 12 V
6 12 V
6 12 V
6 12 V
6 12 V
7 12 V
6 12 V
6 13 V
6 12 V
6 13 V
6 13 V
6 13 V
7 13 V
6 13 V
6 13 V
6 14 V
6 14 V
6 14 V
6 14 V
7 14 V
6 15 V
6 14 V
6 15 V
6 15 V
6 15 V
6 16 V
6 15 V
7 16 V
6 16 V
6 16 V
6 17 V
6 16 V
6 17 V
6 18 V
7 17 V
6 18 V
6 17 V
6 19 V
6 18 V
6 19 V
6 19 V
6 19 V
7 19 V
6 20 V
6 20 V
6 20 V
6 20 V
6 21 V
6 21 V
7 21 V
6 21 V
6 21 V
6 21 V
6 22 V
6 21 V
6 22 V
7 22 V
6 21 V
6 22 V
6 22 V
6 22 V
6 22 V
6 22 V
6 22 V
7 22 V
6 22 V
6 21 V
6 22 V
6 22 V
6 21 V
6 22 V
7 21 V
6 21 V
6 21 V
6 21 V
6 21 V
6 20 V
6 20 V
6 21 V
7 19 V
6 20 V
6 19 V
6 19 V
6 19 V
6 19 V
6 18 V
7 18 V
6 17 V
6 18 V
6 16 V
6 17 V
6 16 V
6 16 V
7 15 V
6 15 V
6 14 V
6 14 V
6 13 V
6 13 V
6 13 V
6 12 V
7 11 V
6 11 V
6 10 V
6 10 V
6 9 V
6 9 V
6 8 V
7 8 V
6 6 V
6 6 V
6 6 V
6 5 V
6 4 V
6 3 V
6 3 V
7 2 V
6 1 V
6 1 V
6 0 V
6 -1 V
6 -2 V
6 -3 V
7 -3 V
6 -5 V
6 -5 V
6 -6 V
6 -6 V
6 -8 V
6 -9 V
7 -9 V
6 -10 V
6 -12 V
6 -12 V
6 -12 V
6 -14 V
6 -14 V
6 -16 V
7 -15 V
6 -17 V
6 -17 V
6 -18 V
6 -19 V
6 -19 V
6 -20 V
7 -21 V
6 -21 V
6 -21 V
6 -23 V
6 -22 V
6 -24 V
6 -23 V
6 -25 V
7 -24 V
6 -26 V
6 -25 V
6 -26 V
6 -27 V
6 -26 V
6 -28 V
7 -27 V
6 -28 V
6 -28 V
6 -28 V
6 -29 V
6 -29 V
6 -29 V
7 -30 V
6 -29 V
6 -30 V
6 -30 V
6 -30 V
6 -30 V
6 -31 V
6 -30 V
7 -30 V
6 -31 V
6 -30 V
6 -31 V
stroke
grestore
end
showpage
%%Page: 2 2
gnudict begin
gsave
50 50 translate
0.100 0.100 scale
90 rotate
0 -5040 translate
0 setgray
/Helvetica findfont 140 scalefont setfont
newpath
stroke
grestore
end
showpage
%%Trailer
%%Pages: 2
